2023-10-14 18:15:20 [JavaFX-Launcher] INFO  o.s.ddsm.diaries.DiaryApplicationFX - Initialise application context
2023-10-14 18:15:20 [JavaFX-Launcher] INFO  o.s.boot.SpringApplication - Starting application using Java 21 on DESKTOP-ATTKBVC with PID 18780 (started by steph in C:\Users\steph\eclipse-workspace\ddsm-diaries)
2023-10-14 18:15:20 [JavaFX-Launcher] INFO  o.s.boot.SpringApplication - No active profile set, falling back to 1 default profile: "default"
2023-10-14 18:15:21 [JavaFX-Launcher] INFO  o.s.boot.SpringApplication - Started application in 1.256 seconds (JVM running for 2.257)
2023-10-14 18:15:21 [JavaFX Application Thread] INFO  o.s.ddsm.diaries.DiaryApplicationFX - Diary application started
2023-10-14 18:15:21 [JavaFX Application Thread] INFO  o.s.ddsm.diaries.StageInitialiser - Loading main form from fxml
2023-10-14 18:15:21 [JavaFX Application Thread] INFO  o.s.d.d.c.MainFormController - Configuring internet status checker
2023-10-14 18:15:31 [JavaFX Application Thread] INFO  o.s.ddsm.diaries.DiaryApplicationFX - Diary application stopped
2023-10-14 18:23:53 [JavaFX-Launcher] INFO  o.s.ddsm.diaries.DiaryApplicationFX - Initialise application context
2023-10-14 18:23:53 [JavaFX-Launcher] INFO  o.s.boot.SpringApplication - Starting application using Java 21 on DESKTOP-ATTKBVC with PID 13616 (started by steph in C:\Users\steph\eclipse-workspace\ddsm-diaries)
2023-10-14 18:23:53 [JavaFX-Launcher] INFO  o.s.boot.SpringApplication - No active profile set, falling back to 1 default profile: "default"
2023-10-14 18:23:54 [JavaFX-Launcher] INFO  o.s.boot.SpringApplication - Started application in 1.245 seconds (JVM running for 2.065)
2023-10-14 18:23:54 [JavaFX Application Thread] INFO  o.s.ddsm.diaries.DiaryApplicationFX - Diary application started
2023-10-14 18:23:54 [JavaFX Application Thread] INFO  o.s.ddsm.diaries.StageInitialiser - Loading main form from fxml
2023-10-14 18:23:55 [JavaFX Application Thread] INFO  o.s.d.d.c.MainFormController - Configuring internet status checker
2023-10-14 18:23:58 [JavaFX Application Thread] INFO  o.s.ddsm.diaries.DiaryApplicationFX - Diary application stopped
2023-10-14 18:40:46 [main] INFO  o.s.b.t.c.SpringBootTestContextBootstrapper - Neither @ContextConfiguration nor @ContextHierarchy found for test class [org.stevie.ddsm.diaries.DdsmDiariesApplicationTests], using SpringBootContextLoader
2023-10-14 18:40:46 [main] INFO  o.s.t.c.s.AbstractContextLoader - Could not detect default resource locations for test class [org.stevie.ddsm.diaries.DdsmDiariesApplicationTests]: no resource found for suffixes {-context.xml, Context.groovy}.
2023-10-14 18:40:46 [main] INFO  o.s.t.c.s.AnnotationConfigContextLoaderUtils - Could not detect default configuration classes for test class [org.stevie.ddsm.diaries.DdsmDiariesApplicationTests]: DdsmDiariesApplicationTests does not declare any static, non-private, non-final, nested classes annotated with @Configuration.
2023-10-14 18:40:47 [main] INFO  o.s.b.t.c.SpringBootTestContextBootstrapper - Found @SpringBootConfiguration org.stevie.ddsm.diaries.DdsmDiariesApplication for test class org.stevie.ddsm.diaries.DdsmDiariesApplicationTests
2023-10-14 18:40:47 [main] INFO  o.s.b.t.c.SpringBootTestContextBootstrapper - Loaded default TestExecutionListener class names from location [META-INF/spring.factories]: [org.springframework.boot.test.mock.mockito.MockitoTestExecutionListener, org.springframework.boot.test.mock.mockito.ResetMocksTestExecutionListener, org.springframework.boot.test.autoconfigure.restdocs.RestDocsTestExecutionListener, org.springframework.boot.test.autoconfigure.web.client.MockRestServiceServerResetTestExecutionListener, org.springframework.boot.test.autoconfigure.web.servlet.MockMvcPrintOnlyOnFailureTestExecutionListener, org.springframework.boot.test.autoconfigure.web.servlet.WebDriverTestExecutionListener, org.springframework.boot.test.autoconfigure.webservices.client.MockWebServiceServerTestExecutionListener, org.springframework.test.context.web.ServletTestExecutionListener, org.springframework.test.context.support.DirtiesContextBeforeModesTestExecutionListener, org.springframework.test.context.event.ApplicationEventsTestExecutionListener, org.springframework.test.context.support.DependencyInjectionTestExecutionListener, org.springframework.test.context.support.DirtiesContextTestExecutionListener, org.springframework.test.context.transaction.TransactionalTestExecutionListener, org.springframework.test.context.jdbc.SqlScriptsTestExecutionListener, org.springframework.test.context.event.EventPublishingTestExecutionListener]
2023-10-14 18:40:47 [main] INFO  o.s.b.t.c.SpringBootTestContextBootstrapper - Using TestExecutionListeners: [org.springframework.test.context.support.DirtiesContextBeforeModesTestExecutionListener@5829e4f4, org.springframework.test.context.event.ApplicationEventsTestExecutionListener@4218500f, org.springframework.boot.test.mock.mockito.MockitoTestExecutionListener@4bff64c2, org.springframework.boot.test.autoconfigure.SpringBootDependencyInjectionTestExecutionListener@1b2c4efb, org.springframework.test.context.support.DirtiesContextTestExecutionListener@c35172e, org.springframework.test.context.event.EventPublishingTestExecutionListener@c2db68f, org.springframework.boot.test.mock.mockito.ResetMocksTestExecutionListener@3cc41abc, org.springframework.boot.test.autoconfigure.restdocs.RestDocsTestExecutionListener@4566d049, org.springframework.boot.test.autoconfigure.web.client.MockRestServiceServerResetTestExecutionListener@61ce23ac, org.springframework.boot.test.autoconfigure.web.servlet.MockMvcPrintOnlyOnFailureTestExecutionListener@3668d4, org.springframework.boot.test.autoconfigure.web.servlet.WebDriverTestExecutionListener@1c3b9394, org.springframework.boot.test.autoconfigure.webservices.client.MockWebServiceServerTestExecutionListener@6f2cfcc2]
2023-10-14 18:40:47 [main] INFO  o.s.d.d.DdsmDiariesApplicationTests - Starting DdsmDiariesApplicationTests using Java 21 on DESKTOP-ATTKBVC with PID 14812 (started by steph in C:\Users\steph\eclipse-workspace\ddsm-diaries)
2023-10-14 18:40:47 [main] INFO  o.s.d.d.DdsmDiariesApplicationTests - No active profile set, falling back to 1 default profile: "default"
2023-10-14 18:40:48 [main] INFO  o.s.d.d.DdsmDiariesApplicationTests - Started DdsmDiariesApplicationTests in 1.262 seconds (JVM running for 2.276)
2023-10-14 21:29:18 [JavaFX-Launcher] INFO  o.s.ddsm.diaries.DiaryApplicationFX - Initialise application context
2023-10-14 21:29:18 [JavaFX-Launcher] INFO  o.s.boot.SpringApplication - Starting application using Java 21 on DESKTOP-ATTKBVC with PID 22896 (started by steph in C:\Users\steph\eclipse-workspace\ddsm-diaries)
2023-10-14 21:29:18 [JavaFX-Launcher] INFO  o.s.boot.SpringApplication - No active profile set, falling back to 1 default profile: "default"
2023-10-14 21:29:19 [JavaFX-Launcher] INFO  o.s.boot.SpringApplication - Started application in 1.315 seconds (JVM running for 2.314)
2023-10-14 21:29:19 [JavaFX Application Thread] INFO  o.s.ddsm.diaries.DiaryApplicationFX - Diary application started
2023-10-14 21:29:19 [JavaFX Application Thread] INFO  o.s.ddsm.diaries.StageInitialiser - Loading main form from fxml
2023-10-14 21:29:20 [JavaFX Application Thread] INFO  o.s.d.d.c.MainFormController - Configuring internet status checker
2023-10-14 21:29:37 [JavaFX Application Thread] INFO  o.s.ddsm.diaries.DiaryApplicationFX - Diary application stopped
2023-10-14 21:38:20 [JavaFX-Launcher] INFO  o.s.ddsm.diaries.DiaryApplicationFX - Initialise application context
2023-10-14 21:38:20 [JavaFX-Launcher] INFO  o.s.boot.SpringApplication - Starting application using Java 21 on DESKTOP-ATTKBVC with PID 11144 (started by steph in C:\Users\steph\eclipse-workspace\ddsm-diaries)
2023-10-14 21:38:20 [JavaFX-Launcher] INFO  o.s.boot.SpringApplication - No active profile set, falling back to 1 default profile: "default"
2023-10-14 21:38:21 [JavaFX-Launcher] INFO  o.s.boot.SpringApplication - Started application in 1.209 seconds (JVM running for 2.031)
2023-10-14 21:38:21 [JavaFX Application Thread] INFO  o.s.ddsm.diaries.DiaryApplicationFX - Diary application started
2023-10-14 21:38:21 [JavaFX Application Thread] INFO  o.s.ddsm.diaries.StageInitialiser - Loading main form from fxml
2023-10-14 21:38:21 [JavaFX Application Thread] INFO  o.s.d.d.c.MainFormController - Configuring internet status checker
2023-10-14 21:38:28 [JavaFX Application Thread] INFO  o.s.d.d.c.MainFormController - Loading bank holiday dialog from fxml
2023-10-14 21:38:30 [pool-3-thread-1] INFO  o.s.d.d.s.bank.FetchBankHolidaysTask - Retrieving bank holidays for year 2023
2023-10-14 21:38:31 [reactor-http-nio-2] INFO  o.s.d.d.s.bank.FetchBankHolidaysTask - Connected to internet!
2023-10-14 21:38:41 [JavaFX Application Thread] INFO  o.s.d.d.c.MainFormController - Close bank holidaydialog
2023-10-14 21:38:43 [JavaFX Application Thread] INFO  o.s.ddsm.diaries.DiaryApplicationFX - Diary application stopped
2023-10-14 21:38:50 [JavaFX-Launcher] INFO  o.s.ddsm.diaries.DiaryApplicationFX - Initialise application context
2023-10-14 21:38:50 [JavaFX-Launcher] INFO  o.s.boot.SpringApplication - Starting application using Java 21 on DESKTOP-ATTKBVC with PID 23912 (started by steph in C:\Users\steph\eclipse-workspace\ddsm-diaries)
2023-10-14 21:38:50 [JavaFX-Launcher] INFO  o.s.boot.SpringApplication - No active profile set, falling back to 1 default profile: "default"
2023-10-14 21:38:51 [JavaFX-Launcher] INFO  o.s.boot.SpringApplication - Started application in 1.132 seconds (JVM running for 1.986)
2023-10-14 21:38:51 [JavaFX Application Thread] INFO  o.s.ddsm.diaries.DiaryApplicationFX - Diary application started
2023-10-14 21:38:51 [JavaFX Application Thread] INFO  o.s.ddsm.diaries.StageInitialiser - Loading main form from fxml
2023-10-14 21:38:51 [JavaFX Application Thread] INFO  o.s.d.d.c.MainFormController - Configuring internet status checker
2023-10-14 21:38:57 [JavaFX Application Thread] INFO  o.s.ddsm.diaries.DiaryApplicationFX - Diary application stopped
2023-10-14 21:44:38 [JavaFX-Launcher] INFO  o.s.ddsm.diaries.DiaryApplicationFX - Initialise application context
2023-10-14 21:44:38 [JavaFX-Launcher] INFO  o.s.boot.SpringApplication - Starting application using Java 21 on DESKTOP-ATTKBVC with PID 7360 (started by steph in C:\Users\steph\eclipse-workspace\ddsm-diaries)
2023-10-14 21:44:38 [JavaFX-Launcher] INFO  o.s.boot.SpringApplication - No active profile set, falling back to 1 default profile: "default"
2023-10-14 21:44:38 [JavaFX-Launcher] WARN  o.s.c.a.AnnotationConfigApplicationContext - Exception encountered during context initialization - cancelling refresh attempt: org.springframework.beans.factory.BeanDefinitionStoreException: Failed to read candidate component class: file [C:\Users\steph\eclipse-workspace\ddsm-diaries\target\classes\org\stevie\ddsm\diaries\DdsmDiariesApplication.class]; nested exception is org.springframework.core.NestedIOException: ASM ClassReader failed to parse class file - probably due to a new Java class file version that isn't supported yet: file [C:\Users\steph\eclipse-workspace\ddsm-diaries\target\classes\org\stevie\ddsm\diaries\DdsmDiariesApplication.class]; nested exception is java.lang.IllegalArgumentException: Unsupported class file major version 65
2023-10-14 21:44:38 [JavaFX-Launcher] ERROR o.s.boot.SpringApplication - Application run failed
org.springframework.beans.factory.BeanDefinitionStoreException: Failed to read candidate component class: file [C:\Users\steph\eclipse-workspace\ddsm-diaries\target\classes\org\stevie\ddsm\diaries\DdsmDiariesApplication.class]; nested exception is org.springframework.core.NestedIOException: ASM ClassReader failed to parse class file - probably due to a new Java class file version that isn't supported yet: file [C:\Users\steph\eclipse-workspace\ddsm-diaries\target\classes\org\stevie\ddsm\diaries\DdsmDiariesApplication.class]; nested exception is java.lang.IllegalArgumentException: Unsupported class file major version 65
	at org.springframework.context.annotation.ClassPathScanningCandidateComponentProvider.scanCandidateComponents(ClassPathScanningCandidateComponentProvider.java:457)
	at org.springframework.context.annotation.ClassPathScanningCandidateComponentProvider.findCandidateComponents(ClassPathScanningCandidateComponentProvider.java:316)
	at org.springframework.context.annotation.ClassPathBeanDefinitionScanner.doScan(ClassPathBeanDefinitionScanner.java:276)
	at org.springframework.context.annotation.ComponentScanAnnotationParser.parse(ComponentScanAnnotationParser.java:128)
	at org.springframework.context.annotation.ConfigurationClassParser.doProcessConfigurationClass(ConfigurationClassParser.java:295)
	at org.springframework.context.annotation.ConfigurationClassParser.processConfigurationClass(ConfigurationClassParser.java:249)
	at org.springframework.context.annotation.ConfigurationClassParser.parse(ConfigurationClassParser.java:206)
	at org.springframework.context.annotation.ConfigurationClassParser.parse(ConfigurationClassParser.java:174)
	at org.springframework.context.annotation.ConfigurationClassPostProcessor.processConfigBeanDefinitions(ConfigurationClassPostProcessor.java:331)
	at org.springframework.context.annotation.ConfigurationClassPostProcessor.postProcessBeanDefinitionRegistry(ConfigurationClassPostProcessor.java:247)
	at org.springframework.context.support.PostProcessorRegistrationDelegate.invokeBeanDefinitionRegistryPostProcessors(PostProcessorRegistrationDelegate.java:311)
	at org.springframework.context.support.PostProcessorRegistrationDelegate.invokeBeanFactoryPostProcessors(PostProcessorRegistrationDelegate.java:112)
	at org.springframework.context.support.AbstractApplicationContext.invokeBeanFactoryPostProcessors(AbstractApplicationContext.java:746)
	at org.springframework.context.support.AbstractApplicationContext.refresh(AbstractApplicationContext.java:564)
	at org.springframework.boot.SpringApplication.refresh(SpringApplication.java:731)
	at org.springframework.boot.SpringApplication.refreshContext(SpringApplication.java:408)
	at org.springframework.boot.SpringApplication.run(SpringApplication.java:307)
	at org.springframework.boot.builder.SpringApplicationBuilder.run(SpringApplicationBuilder.java:164)
	at org.stevie.ddsm.diaries.DiaryApplicationFX.init(DiaryApplicationFX.java:52)
	at com.sun.javafx.application.LauncherImpl.launchApplication1(LauncherImpl.java:825)
	at com.sun.javafx.application.LauncherImpl.lambda$launchApplication$2(LauncherImpl.java:196)
	at java.base/java.lang.Thread.run(Thread.java:1583)
Caused by: org.springframework.core.NestedIOException: ASM ClassReader failed to parse class file - probably due to a new Java class file version that isn't supported yet: file [C:\Users\steph\eclipse-workspace\ddsm-diaries\target\classes\org\stevie\ddsm\diaries\DdsmDiariesApplication.class]; nested exception is java.lang.IllegalArgumentException: Unsupported class file major version 65
	at org.springframework.core.type.classreading.SimpleMetadataReader.getClassReader(SimpleMetadataReader.java:60)
	at org.springframework.core.type.classreading.SimpleMetadataReader.<init>(SimpleMetadataReader.java:48)
	at org.springframework.core.type.classreading.SimpleMetadataReaderFactory.getMetadataReader(SimpleMetadataReaderFactory.java:103)
	at org.springframework.core.type.classreading.CachingMetadataReaderFactory.getMetadataReader(CachingMetadataReaderFactory.java:123)
	at org.springframework.context.annotation.ClassPathScanningCandidateComponentProvider.scanCandidateComponents(ClassPathScanningCandidateComponentProvider.java:429)
	... 21 common frames omitted
Caused by: java.lang.IllegalArgumentException: Unsupported class file major version 65
	at org.springframework.asm.ClassReader.<init>(ClassReader.java:199)
	at org.springframework.asm.ClassReader.<init>(ClassReader.java:180)
	at org.springframework.asm.ClassReader.<init>(ClassReader.java:166)
	at org.springframework.asm.ClassReader.<init>(ClassReader.java:287)
	at org.springframework.core.type.classreading.SimpleMetadataReader.getClassReader(SimpleMetadataReader.java:57)
	... 25 common frames omitted
