2024-01-19 16:48:04 [JavaFX-Launcher] INFO  o.s.ddsm.diaries.DiaryApplicationFX - Initialise application context
2024-01-19 16:48:05 [JavaFX-Launcher] INFO  o.s.boot.SpringApplication - Starting application using Java 21 with PID 23956 (started by steph in C:\Users\steph\eclipse-workspace\ddsm-diaries)
2024-01-19 16:48:05 [JavaFX-Launcher] INFO  o.s.boot.SpringApplication - No active profile set, falling back to 1 default profile: "default"
2024-01-19 16:48:06 [JavaFX-Launcher] INFO  o.s.boot.SpringApplication - Started application in 2.083 seconds (process running for 5.668)
2024-01-19 16:48:06 [JavaFX Application Thread] INFO  o.s.ddsm.diaries.DiaryApplicationFX - Diary application started
2024-01-19 16:48:06 [JavaFX Application Thread] INFO  o.s.ddsm.diaries.StageInitialiser - Loading main stage from fxml
2024-01-19 16:48:43 [pool-5-thread-1] INFO  o.s.d.d.s.bank.FetchBankHolidaysTask - Retrieving bank holidays for year 2024
2024-01-19 16:48:45 [reactor-http-nio-2] INFO  o.s.d.d.s.bank.FetchBankHolidaysTask - Connected to internet!
2024-01-19 16:50:12 [JavaFX Application Thread] INFO  o.s.ddsm.diaries.DiaryApplicationFX - Diary application stopped
2024-01-19 16:51:06 [JavaFX-Launcher] INFO  o.s.ddsm.diaries.DiaryApplicationFX - Initialise application context
2024-01-19 16:51:06 [JavaFX-Launcher] INFO  o.s.boot.SpringApplication - Starting application using Java 21 with PID 13836 (started by steph in C:\Users\steph\eclipse-workspace\ddsm-diaries)
2024-01-19 16:51:06 [JavaFX-Launcher] INFO  o.s.boot.SpringApplication - No active profile set, falling back to 1 default profile: "default"
2024-01-19 16:51:08 [JavaFX-Launcher] INFO  o.s.boot.SpringApplication - Started application in 1.811 seconds (process running for 3.314)
2024-01-19 16:51:08 [JavaFX Application Thread] INFO  o.s.ddsm.diaries.DiaryApplicationFX - Diary application started
2024-01-19 16:51:08 [JavaFX Application Thread] INFO  o.s.ddsm.diaries.StageInitialiser - Loading main stage from fxml
2024-01-19 16:51:48 [pool-5-thread-1] INFO  o.s.d.d.s.bank.FetchBankHolidaysTask - Retrieving bank holidays for year 2024
2024-01-19 16:51:49 [reactor-http-nio-2] INFO  o.s.d.d.s.bank.FetchBankHolidaysTask - Connected to internet!
2024-01-19 16:53:31 [JavaFX Application Thread] INFO  o.s.ddsm.diaries.DiaryApplicationFX - Diary application stopped
2024-01-19 16:53:37 [JavaFX-Launcher] INFO  o.s.ddsm.diaries.DiaryApplicationFX - Initialise application context
2024-01-19 16:53:38 [JavaFX-Launcher] INFO  o.s.boot.SpringApplication - Starting application using Java 21 with PID 17116 (started by steph in C:\Users\steph\eclipse-workspace\ddsm-diaries)
2024-01-19 16:53:38 [JavaFX-Launcher] INFO  o.s.boot.SpringApplication - No active profile set, falling back to 1 default profile: "default"
2024-01-19 16:53:39 [JavaFX-Launcher] INFO  o.s.boot.SpringApplication - Started application in 1.396 seconds (process running for 2.3)
2024-01-19 16:53:39 [JavaFX Application Thread] INFO  o.s.ddsm.diaries.DiaryApplicationFX - Diary application started
2024-01-19 16:53:39 [JavaFX Application Thread] INFO  o.s.ddsm.diaries.StageInitialiser - Loading main stage from fxml
2024-01-19 16:53:53 [pool-5-thread-1] INFO  o.s.d.d.s.bank.FetchBankHolidaysTask - Retrieving bank holidays for year 2024
2024-01-19 16:53:53 [reactor-http-nio-2] INFO  o.s.d.d.s.bank.FetchBankHolidaysTask - Connected to internet!
2024-01-19 16:54:08 [JavaFX Application Thread] INFO  o.s.ddsm.diaries.DiaryApplicationFX - Diary application stopped
2024-01-19 17:51:08 [JavaFX-Launcher] INFO  o.s.ddsm.diaries.DiaryApplicationFX - Initialise application context
2024-01-19 17:51:09 [JavaFX-Launcher] INFO  o.s.boot.SpringApplication - Starting application using Java 21 with PID 10468 (started by steph in C:\Users\steph\eclipse-workspace\ddsm-diaries)
2024-01-19 17:51:09 [JavaFX-Launcher] INFO  o.s.boot.SpringApplication - No active profile set, falling back to 1 default profile: "default"
2024-01-19 17:51:10 [JavaFX-Launcher] INFO  o.s.boot.SpringApplication - Started application in 1.445 seconds (process running for 2.417)
2024-01-19 17:51:10 [JavaFX Application Thread] INFO  o.s.ddsm.diaries.DiaryApplicationFX - Diary application started
2024-01-19 17:51:10 [JavaFX Application Thread] INFO  o.s.ddsm.diaries.StageInitialiser - Loading main stage from fxml
2024-01-19 17:51:15 [pool-5-thread-1] INFO  o.s.d.d.s.bank.FetchBankHolidaysTask - Retrieving bank holidays for year 2024
2024-01-19 17:51:16 [reactor-http-nio-2] INFO  o.s.d.d.s.bank.FetchBankHolidaysTask - Connected to internet!
2024-01-19 17:51:46 [pool-6-thread-1] INFO  o.s.d.d.s.bank.FetchBankHolidaysTask - Retrieving bank holidays for year 2024
2024-01-19 17:51:46 [reactor-http-nio-2] INFO  o.s.d.d.s.bank.FetchBankHolidaysTask - Connected to internet!
2024-01-19 17:52:31 [pool-7-thread-1] INFO  o.s.d.d.s.bank.FetchBankHolidaysTask - Retrieving bank holidays for year 2023
2024-01-19 17:52:31 [reactor-http-nio-2] INFO  o.s.d.d.s.bank.FetchBankHolidaysTask - Connected to internet!
2024-01-19 17:52:47 [pool-8-thread-1] INFO  o.s.d.d.s.bank.FetchBankHolidaysTask - Retrieving bank holidays for year 2023
2024-01-19 17:52:47 [reactor-http-nio-2] INFO  o.s.d.d.s.bank.FetchBankHolidaysTask - Connected to internet!
2024-01-19 17:53:01 [JavaFX Application Thread] INFO  o.s.ddsm.diaries.DiaryApplicationFX - Diary application stopped
2024-01-19 18:09:17 [JavaFX-Launcher] INFO  o.s.ddsm.diaries.DiaryApplicationFX - Initialise application context
2024-01-19 18:09:18 [JavaFX-Launcher] INFO  o.s.boot.SpringApplication - Starting application using Java 21 with PID 1724 (started by steph in C:\Users\steph\eclipse-workspace\ddsm-diaries)
2024-01-19 18:09:18 [JavaFX-Launcher] INFO  o.s.boot.SpringApplication - No active profile set, falling back to 1 default profile: "default"
2024-01-19 18:09:19 [JavaFX-Launcher] INFO  o.s.boot.SpringApplication - Started application in 1.492 seconds (process running for 2.439)
2024-01-19 18:09:19 [JavaFX Application Thread] INFO  o.s.ddsm.diaries.DiaryApplicationFX - Diary application started
2024-01-19 18:09:19 [JavaFX Application Thread] INFO  o.s.ddsm.diaries.StageInitialiser - Loading main stage from fxml
2024-01-19 18:09:23 [pool-5-thread-1] INFO  o.s.d.d.s.bank.FetchBankHolidaysTask - Retrieving bank holidays for year 2024
2024-01-19 18:09:24 [reactor-http-nio-2] INFO  o.s.d.d.s.bank.FetchBankHolidaysTask - Connected to internet!
2024-01-19 18:10:09 [pool-6-thread-1] INFO  o.s.d.d.s.bank.FetchBankHolidaysTask - Retrieving bank holidays for year 2025
2024-01-19 18:10:09 [reactor-http-nio-2] INFO  o.s.d.d.s.bank.FetchBankHolidaysTask - Connected to internet!
2024-01-19 18:10:21 [JavaFX Application Thread] INFO  o.s.ddsm.diaries.DiaryApplicationFX - Diary application stopped
2024-01-19 18:16:28 [JavaFX-Launcher] INFO  o.s.ddsm.diaries.DiaryApplicationFX - Initialise application context
2024-01-19 18:16:29 [JavaFX-Launcher] INFO  o.s.boot.SpringApplication - Starting application using Java 21 with PID 26212 (started by steph in C:\Users\steph\eclipse-workspace\ddsm-diaries)
2024-01-19 18:16:29 [JavaFX-Launcher] INFO  o.s.boot.SpringApplication - No active profile set, falling back to 1 default profile: "default"
2024-01-19 18:16:30 [JavaFX-Launcher] INFO  o.s.boot.SpringApplication - Started application in 1.609 seconds (process running for 2.65)
2024-01-19 18:16:30 [JavaFX Application Thread] INFO  o.s.ddsm.diaries.DiaryApplicationFX - Diary application started
2024-01-19 18:16:30 [JavaFX Application Thread] INFO  o.s.ddsm.diaries.StageInitialiser - Loading main stage from fxml
2024-01-19 18:16:47 [JavaFX Application Thread] INFO  o.s.ddsm.diaries.DiaryApplicationFX - Diary application stopped
