2023-10-16 16:14:35 [JavaFX-Launcher] INFO  o.s.ddsm.diaries.DiaryApplicationFX - Initialise application context
2023-10-16 16:14:36 [JavaFX-Launcher] INFO  o.s.boot.SpringApplication - Starting application using Java 21 on DESKTOP-ATTKBVC with PID 25708 (started by steph in C:\Users\steph\eclipse-workspace\ddsm-diaries)
2023-10-16 16:14:36 [JavaFX-Launcher] INFO  o.s.boot.SpringApplication - No active profile set, falling back to 1 default profile: "default"
2023-10-16 16:14:36 [JavaFX-Launcher] INFO  o.s.boot.SpringApplication - Started application in 1.331 seconds (JVM running for 2.307)
2023-10-16 16:14:37 [JavaFX Application Thread] INFO  o.s.ddsm.diaries.DiaryApplicationFX - Diary application started
2023-10-16 16:14:37 [JavaFX Application Thread] INFO  o.s.ddsm.diaries.StageInitialiser - Loading main form from fxml
2023-10-16 16:14:37 [JavaFX Application Thread] INFO  o.s.d.d.c.MainFormController - Configuring internet status checker
2023-10-16 16:14:49 [JavaFX Application Thread] INFO  o.s.d.d.c.MainFormController - Loading bank holiday dialog from fxml
2023-10-16 16:14:55 [pool-3-thread-1] INFO  o.s.d.d.s.bank.FetchBankHolidaysTask - Retrieving bank holidays for year 2024
2023-10-16 16:14:56 [reactor-http-nio-2] INFO  o.s.d.d.s.bank.FetchBankHolidaysTask - Connected to internet!
2023-10-16 16:15:04 [JavaFX Application Thread] INFO  o.s.d.d.c.MainFormController - Close bank holidaydialog
2023-10-16 16:15:05 [JavaFX Application Thread] INFO  o.s.ddsm.diaries.DiaryApplicationFX - Diary application stopped
2023-10-16 16:16:24 [JavaFX-Launcher] INFO  o.s.ddsm.diaries.DiaryApplicationFX - Initialise application context
2023-10-16 16:16:24 [JavaFX-Launcher] INFO  o.s.boot.SpringApplication - Starting application using Java 21 on DESKTOP-ATTKBVC with PID 26620 (started by steph in C:\Users\steph\eclipse-workspace\ddsm-diaries)
2023-10-16 16:16:24 [JavaFX-Launcher] INFO  o.s.boot.SpringApplication - No active profile set, falling back to 1 default profile: "default"
2023-10-16 16:16:25 [JavaFX-Launcher] INFO  o.s.boot.SpringApplication - Started application in 1.169 seconds (JVM running for 1.978)
2023-10-16 16:16:25 [JavaFX Application Thread] INFO  o.s.ddsm.diaries.DiaryApplicationFX - Diary application started
2023-10-16 16:16:25 [JavaFX Application Thread] INFO  o.s.ddsm.diaries.StageInitialiser - Loading main form from fxml
2023-10-16 16:16:25 [JavaFX Application Thread] INFO  o.s.d.d.c.MainFormController - Configuring internet status checker
2023-10-16 16:16:39 [JavaFX Application Thread] INFO  o.s.d.d.c.MainFormController - Loading bank holiday dialog from fxml
2023-10-16 16:16:41 [pool-3-thread-1] INFO  o.s.d.d.s.bank.FetchBankHolidaysTask - Retrieving bank holidays for year 2023
2023-10-16 16:16:42 [reactor-http-nio-2] INFO  o.s.d.d.s.bank.FetchBankHolidaysTask - Connected to internet!
2023-10-16 16:16:51 [JavaFX Application Thread] INFO  o.s.d.d.c.MainFormController - Close bank holidaydialog
2023-10-16 16:16:59 [JavaFX Application Thread] INFO  o.s.ddsm.diaries.DiaryApplicationFX - Diary application stopped
2023-10-16 16:46:47 [JavaFX-Launcher] INFO  o.s.ddsm.diaries.DiaryApplicationFX - Initialise application context
2023-10-16 16:46:47 [JavaFX-Launcher] INFO  o.s.boot.SpringApplication - Starting application using Java 21 on DESKTOP-ATTKBVC with PID 13812 (started by steph in C:\Users\steph\eclipse-workspace\ddsm-diaries)
2023-10-16 16:46:47 [JavaFX-Launcher] INFO  o.s.boot.SpringApplication - No active profile set, falling back to 1 default profile: "default"
2023-10-16 16:46:48 [JavaFX-Launcher] INFO  o.s.boot.SpringApplication - Started application in 1.342 seconds (JVM running for 2.398)
2023-10-16 16:46:48 [JavaFX Application Thread] INFO  o.s.ddsm.diaries.DiaryApplicationFX - Diary application started
2023-10-16 16:46:48 [JavaFX Application Thread] INFO  o.s.ddsm.diaries.StageInitialiser - Loading main form from fxml
2023-10-16 16:46:49 [JavaFX Application Thread] INFO  o.s.d.d.c.MainFormController - Configuring internet status checker
2023-10-16 16:46:58 [pool-3-thread-1] INFO  o.s.d.d.s.bank.FetchBankHolidaysTask - Retrieving bank holidays for year 2023
2023-10-16 16:46:59 [reactor-http-nio-2] INFO  o.s.d.d.s.bank.FetchBankHolidaysTask - Connected to internet!
2023-10-16 16:46:59 [JavaFX Application Thread] INFO  o.s.d.d.c.MainFormController - Loading recording dialog from fxml
2023-10-16 16:47:40 [JavaFX Application Thread] INFO  o.s.d.d.c.MainFormController - Close recording dates dialog
2023-10-16 16:47:41 [JavaFX Application Thread] INFO  o.s.ddsm.diaries.DiaryApplicationFX - Diary application stopped
