2023-03-04 16:34:06 [main] INFO  o.s.d.diaries.DdsmDiariesApplication - Hello Steve!
2023-03-04 16:34:07 [JavaFX-Launcher] INFO  o.s.boot.SpringApplication - Starting application using Java 19 on DESKTOP-ATTKBVC with PID 9180 (started by steph in C:\Users\steph\eclipse-workspace\ddsm-diaries)
2023-03-04 16:34:07 [JavaFX-Launcher] INFO  o.s.boot.SpringApplication - No active profile set, falling back to 1 default profile: "default"
2023-03-04 16:34:08 [JavaFX-Launcher] INFO  o.s.boot.SpringApplication - Started application in 1.582 seconds (JVM running for 2.649)
2023-03-04 16:51:22 [JavaFX-Launcher] INFO  o.s.boot.SpringApplication - Starting application using Java 19 on DESKTOP-ATTKBVC with PID 13356 (started by steph in C:\Users\steph\eclipse-workspace\ddsm-diaries)
2023-03-04 16:51:22 [JavaFX-Launcher] INFO  o.s.boot.SpringApplication - No active profile set, falling back to 1 default profile: "default"
2023-03-04 16:51:23 [JavaFX-Launcher] INFO  o.s.boot.SpringApplication - Started application in 1.705 seconds (JVM running for 2.704)
2023-03-04 16:59:58 [main] INFO  o.s.b.t.c.SpringBootTestContextBootstrapper - Neither @ContextConfiguration nor @ContextHierarchy found for test class [org.stevie.ddsm.diaries.DdsmDiariesApplicationTests], using SpringBootContextLoader
2023-03-04 16:59:58 [main] INFO  o.s.t.c.s.AbstractContextLoader - Could not detect default resource locations for test class [org.stevie.ddsm.diaries.DdsmDiariesApplicationTests]: no resource found for suffixes {-context.xml, Context.groovy}.
2023-03-04 16:59:58 [main] INFO  o.s.t.c.s.AnnotationConfigContextLoaderUtils - Could not detect default configuration classes for test class [org.stevie.ddsm.diaries.DdsmDiariesApplicationTests]: DdsmDiariesApplicationTests does not declare any static, non-private, non-final, nested classes annotated with @Configuration.
2023-03-04 16:59:58 [main] INFO  o.s.b.t.c.SpringBootTestContextBootstrapper - Found @SpringBootConfiguration org.stevie.ddsm.diaries.DdsmDiariesApplication for test class org.stevie.ddsm.diaries.DdsmDiariesApplicationTests
2023-03-04 16:59:58 [main] INFO  o.s.b.t.c.SpringBootTestContextBootstrapper - Loaded default TestExecutionListener class names from location [META-INF/spring.factories]: [org.springframework.boot.test.mock.mockito.MockitoTestExecutionListener, org.springframework.boot.test.mock.mockito.ResetMocksTestExecutionListener, org.springframework.boot.test.autoconfigure.restdocs.RestDocsTestExecutionListener, org.springframework.boot.test.autoconfigure.web.client.MockRestServiceServerResetTestExecutionListener, org.springframework.boot.test.autoconfigure.web.servlet.MockMvcPrintOnlyOnFailureTestExecutionListener, org.springframework.boot.test.autoconfigure.web.servlet.WebDriverTestExecutionListener, org.springframework.boot.test.autoconfigure.webservices.client.MockWebServiceServerTestExecutionListener, org.springframework.test.context.web.ServletTestExecutionListener, org.springframework.test.context.support.DirtiesContextBeforeModesTestExecutionListener, org.springframework.test.context.event.ApplicationEventsTestExecutionListener, org.springframework.test.context.support.DependencyInjectionTestExecutionListener, org.springframework.test.context.support.DirtiesContextTestExecutionListener, org.springframework.test.context.transaction.TransactionalTestExecutionListener, org.springframework.test.context.jdbc.SqlScriptsTestExecutionListener, org.springframework.test.context.event.EventPublishingTestExecutionListener]
2023-03-04 16:59:58 [main] INFO  o.s.b.t.c.SpringBootTestContextBootstrapper - Using TestExecutionListeners: [org.springframework.test.context.support.DirtiesContextBeforeModesTestExecutionListener@75459c75, org.springframework.test.context.event.ApplicationEventsTestExecutionListener@183e8023, org.springframework.boot.test.mock.mockito.MockitoTestExecutionListener@45efc20d, org.springframework.boot.test.autoconfigure.SpringBootDependencyInjectionTestExecutionListener@3e5499cc, org.springframework.test.context.support.DirtiesContextTestExecutionListener@67ab1c47, org.springframework.test.context.event.EventPublishingTestExecutionListener@b78a709, org.springframework.boot.test.mock.mockito.ResetMocksTestExecutionListener@30bcf3c1, org.springframework.boot.test.autoconfigure.restdocs.RestDocsTestExecutionListener@2a3c96e3, org.springframework.boot.test.autoconfigure.web.client.MockRestServiceServerResetTestExecutionListener@15cafec7, org.springframework.boot.test.autoconfigure.web.servlet.MockMvcPrintOnlyOnFailureTestExecutionListener@5b444398, org.springframework.boot.test.autoconfigure.web.servlet.WebDriverTestExecutionListener@cb191ca, org.springframework.boot.test.autoconfigure.webservices.client.MockWebServiceServerTestExecutionListener@42f48531]
2023-03-04 16:59:59 [main] INFO  o.s.d.d.DdsmDiariesApplicationTests - Starting DdsmDiariesApplicationTests using Java 19 on DESKTOP-ATTKBVC with PID 340 (started by steph in C:\Users\steph\eclipse-workspace\ddsm-diaries)
2023-03-04 16:59:59 [main] INFO  o.s.d.d.DdsmDiariesApplicationTests - No active profile set, falling back to 1 default profile: "default"
2023-03-04 17:00:00 [main] INFO  o.s.d.d.DdsmDiariesApplicationTests - Started DdsmDiariesApplicationTests in 1.846 seconds (JVM running for 4.656)
2023-03-04 17:00:22 [JavaFX-Launcher] INFO  o.s.boot.SpringApplication - Starting application using Java 19 on DESKTOP-ATTKBVC with PID 11044 (started by steph in C:\Users\steph\eclipse-workspace\ddsm-diaries)
2023-03-04 17:00:22 [JavaFX-Launcher] INFO  o.s.boot.SpringApplication - No active profile set, falling back to 1 default profile: "default"
2023-03-04 17:00:23 [JavaFX-Launcher] INFO  o.s.boot.SpringApplication - Started application in 1.507 seconds (JVM running for 2.523)
2023-03-04 17:01:59 [JavaFX-Launcher] INFO  o.s.boot.SpringApplication - Starting application using Java 19 on DESKTOP-ATTKBVC with PID 11612 (started by steph in C:\Users\steph\eclipse-workspace\ddsm-diaries)
2023-03-04 17:01:59 [JavaFX-Launcher] INFO  o.s.boot.SpringApplication - No active profile set, falling back to 1 default profile: "default"
2023-03-04 17:02:00 [JavaFX-Launcher] INFO  o.s.boot.SpringApplication - Started application in 2.15 seconds (JVM running for 3.97)
2023-03-04 17:11:00 [JavaFX-Launcher] INFO  o.s.boot.SpringApplication - Starting application using Java 19 on DESKTOP-ATTKBVC with PID 22052 (started by steph in C:\Users\steph\eclipse-workspace\ddsm-diaries)
2023-03-04 17:11:00 [JavaFX-Launcher] INFO  o.s.boot.SpringApplication - No active profile set, falling back to 1 default profile: "default"
2023-03-04 17:11:29 [JavaFX-Launcher] INFO  o.s.boot.SpringApplication - Started application in 29.585 seconds (JVM running for 31.343)
2023-03-04 17:11:29 [JavaFX-Launcher] INFO  o.s.d.d.AnnotationEventListeners - Hello Stevie!
2023-03-04 17:12:34 [JavaFX-Launcher] INFO  o.s.boot.SpringApplication - Starting application using Java 19 on DESKTOP-ATTKBVC with PID 3092 (started by steph in C:\Users\steph\eclipse-workspace\ddsm-diaries)
2023-03-04 17:12:34 [JavaFX-Launcher] INFO  o.s.boot.SpringApplication - No active profile set, falling back to 1 default profile: "default"
2023-03-04 17:12:35 [JavaFX-Launcher] INFO  o.s.boot.SpringApplication - Started application in 1.52 seconds (JVM running for 2.524)
2023-03-04 17:12:35 [JavaFX-Launcher] INFO  o.s.d.d.AnnotationEventListeners - Hello Stevie!
2023-03-04 17:14:47 [JavaFX-Launcher] INFO  o.s.boot.SpringApplication - Starting application using Java 19 on DESKTOP-ATTKBVC with PID 27924 (started by steph in C:\Users\steph\eclipse-workspace\ddsm-diaries)
2023-03-04 17:14:47 [JavaFX-Launcher] INFO  o.s.boot.SpringApplication - No active profile set, falling back to 1 default profile: "default"
2023-03-04 17:14:48 [JavaFX-Launcher] INFO  o.s.boot.SpringApplication - Started application in 1.452 seconds (JVM running for 2.437)
2023-03-04 17:14:48 [JavaFX-Launcher] INFO  o.s.d.d.AnnotationEventListeners - Hello Stevie!
2023-03-04 17:14:53 [JavaFX Application Thread] INFO  o.s.d.d.AnnotationEventListeners - Goodbye Stevie!
2023-03-04 17:23:12 [JavaFX-Launcher] INFO  o.s.ddsm.diaries.DiaryApplicationFX - Initialise application context
2023-03-04 17:23:12 [JavaFX-Launcher] INFO  o.s.boot.SpringApplication - Starting application using Java 19 on DESKTOP-ATTKBVC with PID 21052 (started by steph in C:\Users\steph\eclipse-workspace\ddsm-diaries)
2023-03-04 17:23:12 [JavaFX-Launcher] INFO  o.s.boot.SpringApplication - No active profile set, falling back to 1 default profile: "default"
2023-03-04 17:23:13 [JavaFX-Launcher] INFO  o.s.boot.SpringApplication - Started application in 1.548 seconds (JVM running for 2.566)
2023-03-04 17:23:13 [JavaFX Application Thread] INFO  o.s.ddsm.diaries.DiaryApplicationFX - Diary application started
2023-03-04 17:23:22 [JavaFX Application Thread] INFO  o.s.ddsm.diaries.DiaryApplicationFX - Diary application stopped
2023-03-04 17:27:46 [JavaFX-Launcher] INFO  o.s.ddsm.diaries.DiaryApplicationFX - Initialise application context
2023-03-04 17:27:47 [JavaFX-Launcher] INFO  o.s.boot.SpringApplication - Starting application using Java 19 on DESKTOP-ATTKBVC with PID 21460 (started by steph in C:\Users\steph\eclipse-workspace\ddsm-diaries)
2023-03-04 17:27:47 [JavaFX-Launcher] INFO  o.s.boot.SpringApplication - No active profile set, falling back to 1 default profile: "default"
2023-03-04 17:27:48 [JavaFX-Launcher] INFO  o.s.boot.SpringApplication - Started application in 1.521 seconds (JVM running for 2.526)
2023-03-04 17:27:48 [JavaFX Application Thread] INFO  o.s.ddsm.diaries.DiaryApplicationFX - Diary application started
2023-03-04 17:27:48 [JavaFX Application Thread] INFO  o.s.ddsm.diaries.StageInitialiser - Loading main form
2023-03-04 17:27:59 [JavaFX Application Thread] INFO  o.s.ddsm.diaries.DiaryApplicationFX - Diary application stopped
2023-03-04 17:31:05 [JavaFX-Launcher] INFO  o.s.ddsm.diaries.DiaryApplicationFX - Initialise application context
2023-03-04 17:31:06 [JavaFX-Launcher] INFO  o.s.boot.SpringApplication - Starting application using Java 19 on DESKTOP-ATTKBVC with PID 26028 (started by steph in C:\Users\steph\eclipse-workspace\ddsm-diaries)
2023-03-04 17:31:06 [JavaFX-Launcher] INFO  o.s.boot.SpringApplication - No active profile set, falling back to 1 default profile: "default"
2023-03-04 17:31:07 [JavaFX-Launcher] INFO  o.s.boot.SpringApplication - Started application in 1.536 seconds (JVM running for 2.567)
2023-03-04 17:31:07 [JavaFX Application Thread] INFO  o.s.ddsm.diaries.DiaryApplicationFX - Diary application started
2023-03-04 17:31:07 [JavaFX Application Thread] INFO  o.s.ddsm.diaries.StageInitialiser - Loading main form from fxml
2023-03-04 17:31:07 [JavaFX Application Thread] ERROR o.s.ddsm.diaries.StageInitialiser - I/O exception occurred while loading main form - Hi Steve
2023-03-04 17:32:09 [JavaFX-Launcher] INFO  o.s.ddsm.diaries.DiaryApplicationFX - Initialise application context
2023-03-04 17:32:09 [JavaFX-Launcher] INFO  o.s.boot.SpringApplication - Starting application using Java 19 on DESKTOP-ATTKBVC with PID 14668 (started by steph in C:\Users\steph\eclipse-workspace\ddsm-diaries)
2023-03-04 17:32:09 [JavaFX-Launcher] INFO  o.s.boot.SpringApplication - No active profile set, falling back to 1 default profile: "default"
2023-03-04 17:32:10 [JavaFX-Launcher] INFO  o.s.boot.SpringApplication - Started application in 1.534 seconds (JVM running for 2.573)
2023-03-04 17:32:10 [JavaFX Application Thread] INFO  o.s.ddsm.diaries.DiaryApplicationFX - Diary application started
2023-03-04 17:32:10 [JavaFX Application Thread] INFO  o.s.ddsm.diaries.StageInitialiser - Loading main form from fxml
2023-03-04 17:32:10 [JavaFX Application Thread] ERROR o.s.ddsm.diaries.StageInitialiser - I/O exception occurred while loading main form - Hi Steve
2023-03-04 17:32:10 [JavaFX Application Thread] INFO  o.s.ddsm.diaries.DiaryApplicationFX - Diary application stopped
2023-03-04 17:34:23 [JavaFX-Launcher] INFO  o.s.ddsm.diaries.DiaryApplicationFX - Initialise application context
2023-03-04 17:34:24 [JavaFX-Launcher] INFO  o.s.boot.SpringApplication - Starting application using Java 19 on DESKTOP-ATTKBVC with PID 9692 (started by steph in C:\Users\steph\eclipse-workspace\ddsm-diaries)
2023-03-04 17:34:24 [JavaFX-Launcher] INFO  o.s.boot.SpringApplication - No active profile set, falling back to 1 default profile: "default"
2023-03-04 17:34:25 [JavaFX-Launcher] INFO  o.s.boot.SpringApplication - Started application in 1.55 seconds (JVM running for 2.559)
2023-03-04 17:34:25 [JavaFX Application Thread] INFO  o.s.ddsm.diaries.DiaryApplicationFX - Diary application started
2023-03-04 17:34:25 [JavaFX Application Thread] INFO  o.s.ddsm.diaries.StageInitialiser - Loading main form from fxml
2023-03-04 17:34:25 [JavaFX Application Thread] ERROR o.s.ddsm.diaries.StageInitialiser - I/O exception occurred while loading main form - Hi Steve
2023-03-04 17:34:33 [JavaFX Application Thread] INFO  o.s.ddsm.diaries.DiaryApplicationFX - Diary application stopped
2023-03-04 20:24:04 [JavaFX-Launcher] INFO  o.s.ddsm.diaries.DiaryApplicationFX - Initialise application context
2023-03-04 20:24:04 [JavaFX-Launcher] INFO  o.s.boot.SpringApplication - Starting application using Java 19 on DESKTOP-ATTKBVC with PID 3036 (started by steph in C:\Users\steph\eclipse-workspace\ddsm-diaries)
2023-03-04 20:24:04 [JavaFX-Launcher] INFO  o.s.boot.SpringApplication - No active profile set, falling back to 1 default profile: "default"
2023-03-04 20:24:05 [JavaFX-Launcher] INFO  o.s.boot.SpringApplication - Started application in 1.516 seconds (JVM running for 2.523)
2023-03-04 20:24:05 [JavaFX Application Thread] INFO  o.s.ddsm.diaries.DiaryApplicationFX - Diary application started
2023-03-04 20:24:05 [JavaFX Application Thread] INFO  o.s.ddsm.diaries.StageInitialiser - Loading main form from fxml
2023-03-04 20:24:05 [JavaFX Application Thread] ERROR o.s.ddsm.diaries.StageInitialiser - I/O exception occurred while loading main form - 
/C:/Users/steph/eclipse-workspace/ddsm-diaries/target/classes/fxml/main.fxml:17

2023-03-04 20:24:18 [JavaFX Application Thread] INFO  o.s.ddsm.diaries.DiaryApplicationFX - Diary application stopped
2023-03-04 20:26:09 [JavaFX-Launcher] INFO  o.s.ddsm.diaries.DiaryApplicationFX - Initialise application context
2023-03-04 20:26:09 [JavaFX-Launcher] INFO  o.s.boot.SpringApplication - Starting application using Java 19 on DESKTOP-ATTKBVC with PID 9592 (started by steph in C:\Users\steph\eclipse-workspace\ddsm-diaries)
2023-03-04 20:26:09 [JavaFX-Launcher] INFO  o.s.boot.SpringApplication - No active profile set, falling back to 1 default profile: "default"
2023-03-04 20:26:10 [JavaFX-Launcher] INFO  o.s.boot.SpringApplication - Started application in 1.513 seconds (JVM running for 2.525)
2023-03-04 20:26:10 [JavaFX Application Thread] INFO  o.s.ddsm.diaries.DiaryApplicationFX - Diary application started
2023-03-04 20:26:10 [JavaFX Application Thread] INFO  o.s.ddsm.diaries.StageInitialiser - Loading main form from fxml
2023-03-04 20:26:11 [JavaFX Application Thread] INFO  o.s.d.d.c.MainFormController - Initialising main form in form controller
2023-03-04 20:26:11 [JavaFX Application Thread] INFO  o.s.d.d.c.MainFormController - Configuring internet status checker
2023-03-04 20:26:27 [JavaFX Application Thread] INFO  o.s.ddsm.diaries.DiaryApplicationFX - Diary application stopped
2023-03-04 20:27:29 [JavaFX-Launcher] INFO  o.s.ddsm.diaries.DiaryApplicationFX - Initialise application context
2023-03-04 20:27:29 [JavaFX-Launcher] INFO  o.s.boot.SpringApplication - Starting application using Java 19 on DESKTOP-ATTKBVC with PID 22656 (started by steph in C:\Users\steph\eclipse-workspace\ddsm-diaries)
2023-03-04 20:27:29 [JavaFX-Launcher] INFO  o.s.boot.SpringApplication - No active profile set, falling back to 1 default profile: "default"
2023-03-04 20:27:30 [JavaFX-Launcher] INFO  o.s.boot.SpringApplication - Started application in 1.527 seconds (JVM running for 2.523)
2023-03-04 20:27:30 [JavaFX Application Thread] INFO  o.s.ddsm.diaries.DiaryApplicationFX - Diary application started
2023-03-04 20:27:30 [JavaFX Application Thread] INFO  o.s.ddsm.diaries.StageInitialiser - Loading main form from fxml
2023-03-04 20:27:30 [JavaFX Application Thread] ERROR o.s.ddsm.diaries.StageInitialiser - I/O exception occurred while loading main form - 
/C:/Users/steph/eclipse-workspace/ddsm-diaries/target/classes/fxml/main.fxml:17

2023-03-04 20:27:41 [JavaFX Application Thread] INFO  o.s.ddsm.diaries.DiaryApplicationFX - Diary application stopped
2023-03-04 20:28:01 [JavaFX-Launcher] INFO  o.s.ddsm.diaries.DiaryApplicationFX - Initialise application context
2023-03-04 20:28:01 [JavaFX-Launcher] INFO  o.s.boot.SpringApplication - Starting application using Java 19 on DESKTOP-ATTKBVC with PID 16448 (started by steph in C:\Users\steph\eclipse-workspace\ddsm-diaries)
2023-03-04 20:28:01 [JavaFX-Launcher] INFO  o.s.boot.SpringApplication - No active profile set, falling back to 1 default profile: "default"
2023-03-04 20:28:03 [JavaFX-Launcher] INFO  o.s.boot.SpringApplication - Started application in 1.549 seconds (JVM running for 2.565)
2023-03-04 20:28:03 [JavaFX Application Thread] INFO  o.s.ddsm.diaries.DiaryApplicationFX - Diary application started
2023-03-04 20:28:03 [JavaFX Application Thread] INFO  o.s.ddsm.diaries.StageInitialiser - Loading main form from fxml
2023-03-04 20:28:03 [JavaFX Application Thread] ERROR o.s.ddsm.diaries.StageInitialiser - I/O exception occurred while loading main form - 
/C:/Users/steph/eclipse-workspace/ddsm-diaries/target/classes/fxml/main.fxml:17

2023-03-04 20:28:15 [JavaFX Application Thread] INFO  o.s.ddsm.diaries.DiaryApplicationFX - Diary application stopped
2023-03-04 20:28:47 [JavaFX-Launcher] INFO  o.s.ddsm.diaries.DiaryApplicationFX - Initialise application context
2023-03-04 20:28:47 [JavaFX-Launcher] INFO  o.s.boot.SpringApplication - Starting application using Java 19 on DESKTOP-ATTKBVC with PID 8460 (started by steph in C:\Users\steph\eclipse-workspace\ddsm-diaries)
2023-03-04 20:28:47 [JavaFX-Launcher] INFO  o.s.boot.SpringApplication - No active profile set, falling back to 1 default profile: "default"
2023-03-04 20:28:48 [JavaFX-Launcher] INFO  o.s.boot.SpringApplication - Started application in 1.528 seconds (JVM running for 2.609)
2023-03-04 20:28:49 [JavaFX Application Thread] INFO  o.s.ddsm.diaries.DiaryApplicationFX - Diary application started
2023-03-04 20:28:49 [JavaFX Application Thread] INFO  o.s.ddsm.diaries.StageInitialiser - Loading main form from fxml
2023-03-04 20:28:49 [JavaFX Application Thread] ERROR o.s.ddsm.diaries.StageInitialiser - I/O exception occurred while loading main form - 
/C:/Users/steph/eclipse-workspace/ddsm-diaries/target/classes/fxml/main.fxml:17

2023-03-04 20:28:56 [JavaFX Application Thread] INFO  o.s.ddsm.diaries.DiaryApplicationFX - Diary application stopped
2023-03-04 20:29:11 [JavaFX-Launcher] INFO  o.s.ddsm.diaries.DiaryApplicationFX - Initialise application context
2023-03-04 20:29:12 [JavaFX-Launcher] INFO  o.s.boot.SpringApplication - Starting application using Java 19 on DESKTOP-ATTKBVC with PID 30304 (started by steph in C:\Users\steph\eclipse-workspace\ddsm-diaries)
2023-03-04 20:29:12 [JavaFX-Launcher] INFO  o.s.boot.SpringApplication - No active profile set, falling back to 1 default profile: "default"
2023-03-04 20:29:13 [JavaFX-Launcher] INFO  o.s.boot.SpringApplication - Started application in 1.576 seconds (JVM running for 2.579)
2023-03-04 20:29:13 [JavaFX Application Thread] INFO  o.s.ddsm.diaries.DiaryApplicationFX - Diary application started
2023-03-04 20:29:13 [JavaFX Application Thread] INFO  o.s.ddsm.diaries.StageInitialiser - Loading main form from fxml
2023-03-04 20:29:13 [JavaFX Application Thread] ERROR o.s.ddsm.diaries.StageInitialiser - I/O exception occurred while loading main form - 
/C:/Users/steph/eclipse-workspace/ddsm-diaries/target/classes/fxml/main.fxml:17

2023-03-04 20:29:24 [JavaFX Application Thread] INFO  o.s.ddsm.diaries.DiaryApplicationFX - Diary application stopped
2023-03-04 20:47:06 [JavaFX-Launcher] INFO  o.s.ddsm.diaries.DiaryApplicationFX - Initialise application context
2023-03-04 20:47:06 [JavaFX-Launcher] INFO  o.s.boot.SpringApplication - Starting application using Java 19 on DESKTOP-ATTKBVC with PID 18644 (started by steph in C:\Users\steph\eclipse-workspace\ddsm-diaries)
2023-03-04 20:47:06 [JavaFX-Launcher] INFO  o.s.boot.SpringApplication - No active profile set, falling back to 1 default profile: "default"
2023-03-04 20:47:07 [JavaFX-Launcher] INFO  o.s.boot.SpringApplication - Started application in 1.474 seconds (JVM running for 2.5)
2023-03-04 20:47:07 [JavaFX Application Thread] INFO  o.s.ddsm.diaries.DiaryApplicationFX - Diary application started
2023-03-04 20:47:07 [JavaFX Application Thread] INFO  o.s.ddsm.diaries.StageInitialiser - Loading main form from fxml
2023-03-04 20:47:07 [JavaFX Application Thread] INFO  o.s.d.d.c.MainFormController - Initialising main form in form controller
2023-03-04 20:47:08 [JavaFX Application Thread] INFO  o.s.d.d.c.MainFormController - Configuring internet status checker
2023-03-04 20:47:30 [JavaFX Application Thread] INFO  o.s.d.d.service.BankHolidayService - Retrieving bank holidays for year 2023
2023-03-04 20:47:32 [reactor-http-nio-2] INFO  o.s.d.d.service.BankHolidayService - Connected to internet...
2023-03-04 20:47:32 [JavaFX Application Thread] INFO  o.s.d.d.c.MainFormController - Loading recording dates dialog from fxml
2023-03-04 20:47:32 [JavaFX Application Thread] INFO  o.s.d.d.c.RecordingDiaryController - Initialising recording dates form in form controller
2023-03-04 20:48:03 [JavaFX Application Thread] INFO  o.s.d.d.c.MainFormController - Close recording dates dialog
2023-03-04 20:48:10 [JavaFX Application Thread] INFO  o.s.ddsm.diaries.DiaryApplicationFX - Diary application stopped
