2023-03-13 16:02:14 [JavaFX-Launcher] INFO  o.s.ddsm.diaries.DiaryApplicationFX - Initialise application context
2023-03-13 16:02:15 [JavaFX-Launcher] INFO  o.s.boot.SpringApplication - Starting application using Java 19 on DESKTOP-ATTKBVC with PID 30628 (started by steph in C:\Users\steph\eclipse-workspace\ddsm-diaries)
2023-03-13 16:02:15 [JavaFX-Launcher] INFO  o.s.boot.SpringApplication - No active profile set, falling back to 1 default profile: "default"
2023-03-13 16:02:52 [JavaFX-Launcher] INFO  o.s.boot.SpringApplication - Started application in 37.564 seconds (JVM running for 40.082)
2023-03-13 16:02:52 [JavaFX Application Thread] INFO  o.s.ddsm.diaries.DiaryApplicationFX - Diary application started
2023-03-13 16:02:52 [JavaFX Application Thread] INFO  o.s.ddsm.diaries.StageInitialiser - Loading main form from fxml
2023-03-13 16:02:53 [JavaFX Application Thread] INFO  o.s.d.d.c.MainFormController - Initialising main form in form controller
2023-03-13 16:02:53 [JavaFX Application Thread] INFO  o.s.d.d.c.MainFormController - Configuring internet status checker
2023-03-13 16:03:20 [JavaFX Application Thread] INFO  o.s.d.d.c.MainFormController - Loading bank holiday dialog from fxml
2023-03-13 16:03:20 [JavaFX Application Thread] INFO  o.s.d.d.c.BankHolidayDialogController - Initialising bank holiday form in form controller
2023-03-13 16:07:51 [JavaFX-Launcher] INFO  o.s.ddsm.diaries.DiaryApplicationFX - Initialise application context
2023-03-13 16:07:52 [JavaFX-Launcher] INFO  o.s.boot.SpringApplication - Starting application using Java 19 on DESKTOP-ATTKBVC with PID 28204 (started by steph in C:\Users\steph\eclipse-workspace\ddsm-diaries)
2023-03-13 16:07:52 [JavaFX-Launcher] INFO  o.s.boot.SpringApplication - No active profile set, falling back to 1 default profile: "default"
2023-03-13 16:08:05 [JavaFX-Launcher] INFO  o.s.boot.SpringApplication - Started application in 12.969 seconds (JVM running for 14.71)
2023-03-13 16:08:05 [JavaFX Application Thread] INFO  o.s.ddsm.diaries.DiaryApplicationFX - Diary application started
2023-03-13 16:08:05 [JavaFX Application Thread] INFO  o.s.ddsm.diaries.StageInitialiser - Loading main form from fxml
2023-03-13 16:08:05 [JavaFX Application Thread] INFO  o.s.d.d.c.MainFormController - Initialising main form in form controller
2023-03-13 16:08:05 [JavaFX Application Thread] INFO  o.s.d.d.c.MainFormController - Configuring internet status checker
2023-03-13 16:08:08 [JavaFX Application Thread] INFO  o.s.d.d.c.MainFormController - Loading bank holiday dialog from fxml
2023-03-13 16:08:08 [JavaFX Application Thread] INFO  o.s.d.d.c.BankHolidayDialogController - Initialising bank holiday form in form controller
2023-03-13 16:14:51 [JavaFX-Launcher] INFO  o.s.ddsm.diaries.DiaryApplicationFX - Initialise application context
2023-03-13 16:14:52 [JavaFX-Launcher] INFO  o.s.boot.SpringApplication - Starting application using Java 19 on DESKTOP-ATTKBVC with PID 27724 (started by steph in C:\Users\steph\eclipse-workspace\ddsm-diaries)
2023-03-13 16:14:52 [JavaFX-Launcher] INFO  o.s.boot.SpringApplication - No active profile set, falling back to 1 default profile: "default"
2023-03-13 16:14:53 [JavaFX-Launcher] WARN  o.s.c.a.AnnotationConfigApplicationContext - Exception encountered during context initialization - cancelling refresh attempt: org.springframework.beans.factory.BeanDefinitionStoreException: Failed to read candidate component class: URL [jar:file:/C:/Users/steph/.m2/repository/org/springframework/boot/spring-boot-autoconfigure/2.7.6/spring-boot-autoconfigure-2.7.6.jar!/org/springframework/boot/autoconfigure/r2dbc/ConnectionFactoryConfigurations$PoolConfiguration.class]; nested exception is java.lang.IllegalStateException: Could not evaluate condition on org.springframework.boot.autoconfigure.r2dbc.ConnectionFactoryConfigurations$PoolConfiguration due to io/r2dbc/spi/ValidationDepth not found. Make sure your own configuration does not rely on that class. This can also happen if you are @ComponentScanning a springframework package (e.g. if you put a @ComponentScan in the default package by mistake)
2023-03-13 16:14:53 [JavaFX-Launcher] INFO  o.s.b.a.l.ConditionEvaluationReportLoggingListener - 

Error starting ApplicationContext. To display the conditions report re-run your application with 'debug' enabled.
2023-03-13 16:14:53 [JavaFX-Launcher] ERROR o.s.boot.SpringApplication - Application run failed
org.springframework.beans.factory.BeanDefinitionStoreException: Failed to read candidate component class: URL [jar:file:/C:/Users/steph/.m2/repository/org/springframework/boot/spring-boot-autoconfigure/2.7.6/spring-boot-autoconfigure-2.7.6.jar!/org/springframework/boot/autoconfigure/r2dbc/ConnectionFactoryConfigurations$PoolConfiguration.class]; nested exception is java.lang.IllegalStateException: Could not evaluate condition on org.springframework.boot.autoconfigure.r2dbc.ConnectionFactoryConfigurations$PoolConfiguration due to io/r2dbc/spi/ValidationDepth not found. Make sure your own configuration does not rely on that class. This can also happen if you are @ComponentScanning a springframework package (e.g. if you put a @ComponentScan in the default package by mistake)
	at org.springframework.context.annotation.ClassPathScanningCandidateComponentProvider.scanCandidateComponents(ClassPathScanningCandidateComponentProvider.java:457)
	at org.springframework.context.annotation.ClassPathScanningCandidateComponentProvider.findCandidateComponents(ClassPathScanningCandidateComponentProvider.java:316)
	at org.springframework.context.annotation.ClassPathBeanDefinitionScanner.doScan(ClassPathBeanDefinitionScanner.java:276)
	at org.springframework.context.annotation.ComponentScanAnnotationParser.parse(ComponentScanAnnotationParser.java:128)
	at org.springframework.context.annotation.ConfigurationClassParser.doProcessConfigurationClass(ConfigurationClassParser.java:295)
	at org.springframework.context.annotation.ConfigurationClassParser.processConfigurationClass(ConfigurationClassParser.java:249)
	at org.springframework.context.annotation.ConfigurationClassParser.parse(ConfigurationClassParser.java:206)
	at org.springframework.context.annotation.ConfigurationClassParser.parse(ConfigurationClassParser.java:174)
	at org.springframework.context.annotation.ConfigurationClassPostProcessor.processConfigBeanDefinitions(ConfigurationClassPostProcessor.java:331)
	at org.springframework.context.annotation.ConfigurationClassPostProcessor.postProcessBeanDefinitionRegistry(ConfigurationClassPostProcessor.java:247)
	at org.springframework.context.support.PostProcessorRegistrationDelegate.invokeBeanDefinitionRegistryPostProcessors(PostProcessorRegistrationDelegate.java:311)
	at org.springframework.context.support.PostProcessorRegistrationDelegate.invokeBeanFactoryPostProcessors(PostProcessorRegistrationDelegate.java:112)
	at org.springframework.context.support.AbstractApplicationContext.invokeBeanFactoryPostProcessors(AbstractApplicationContext.java:746)
	at org.springframework.context.support.AbstractApplicationContext.refresh(AbstractApplicationContext.java:564)
	at org.springframework.boot.SpringApplication.refresh(SpringApplication.java:731)
	at org.springframework.boot.SpringApplication.refreshContext(SpringApplication.java:408)
	at org.springframework.boot.SpringApplication.run(SpringApplication.java:307)
	at org.springframework.boot.builder.SpringApplicationBuilder.run(SpringApplicationBuilder.java:164)
	at org.stevie.ddsm.diaries.DiaryApplicationFX.init(DiaryApplicationFX.java:52)
	at com.sun.javafx.application.LauncherImpl.launchApplication1(LauncherImpl.java:825)
	at com.sun.javafx.application.LauncherImpl.lambda$launchApplication$2(LauncherImpl.java:196)
	at java.base/java.lang.Thread.run(Thread.java:1589)
Caused by: java.lang.IllegalStateException: Could not evaluate condition on org.springframework.boot.autoconfigure.r2dbc.ConnectionFactoryConfigurations$PoolConfiguration due to io/r2dbc/spi/ValidationDepth not found. Make sure your own configuration does not rely on that class. This can also happen if you are @ComponentScanning a springframework package (e.g. if you put a @ComponentScan in the default package by mistake)
	at org.springframework.boot.autoconfigure.condition.SpringBootCondition.matches(SpringBootCondition.java:54)
	at org.springframework.context.annotation.ConditionEvaluator.shouldSkip(ConditionEvaluator.java:108)
	at org.springframework.context.annotation.ConditionEvaluator.shouldSkip(ConditionEvaluator.java:88)
	at org.springframework.context.annotation.ConditionEvaluator.shouldSkip(ConditionEvaluator.java:71)
	at org.springframework.context.annotation.ClassPathScanningCandidateComponentProvider.isConditionMatch(ClassPathScanningCandidateComponentProvider.java:512)
	at org.springframework.context.annotation.ClassPathScanningCandidateComponentProvider.isCandidateComponent(ClassPathScanningCandidateComponentProvider.java:495)
	at org.springframework.context.annotation.ClassPathScanningCandidateComponentProvider.scanCandidateComponents(ClassPathScanningCandidateComponentProvider.java:430)
	... 21 common frames omitted
Caused by: java.lang.NoClassDefFoundError: io/r2dbc/spi/ValidationDepth
	at java.base/java.lang.Class.getDeclaredMethods0(Native Method)
	at java.base/java.lang.Class.privateGetDeclaredMethods(Class.java:3458)
	at java.base/java.lang.Class.getDeclaredMethods(Class.java:2557)
	at org.springframework.boot.context.properties.bind.JavaBeanBinder$Bean.getDeclaredMethods(JavaBeanBinder.java:143)
	at org.springframework.boot.context.properties.bind.JavaBeanBinder$Bean.getSorted(JavaBeanBinder.java:152)
	at org.springframework.boot.context.properties.bind.JavaBeanBinder$Bean.addProperties(JavaBeanBinder.java:135)
	at org.springframework.boot.context.properties.bind.JavaBeanBinder$Bean.<init>(JavaBeanBinder.java:130)
	at org.springframework.boot.context.properties.bind.JavaBeanBinder$Bean.get(JavaBeanBinder.java:238)
	at org.springframework.boot.context.properties.bind.JavaBeanBinder.bind(JavaBeanBinder.java:57)
	at org.springframework.boot.context.properties.bind.Binder.lambda$bindDataObject$5(Binder.java:476)
	at org.springframework.boot.context.properties.bind.Binder$Context.withIncreasedDepth(Binder.java:590)
	at org.springframework.boot.context.properties.bind.Binder$Context.withDataObject(Binder.java:576)
	at org.springframework.boot.context.properties.bind.Binder$Context.access$300(Binder.java:537)
	at org.springframework.boot.context.properties.bind.Binder.bindDataObject(Binder.java:474)
	at org.springframework.boot.context.properties.bind.Binder.bindObject(Binder.java:414)
	at org.springframework.boot.context.properties.bind.Binder.bind(Binder.java:343)
	at org.springframework.boot.context.properties.bind.Binder.bind(Binder.java:332)
	at org.springframework.boot.context.properties.bind.Binder.bind(Binder.java:262)
	at org.springframework.boot.context.properties.bind.Binder.bind(Binder.java:223)
	at org.springframework.boot.autoconfigure.r2dbc.ConnectionFactoryConfigurations$PooledConnectionFactoryCondition.getMatchOutcome(ConnectionFactoryConfigurations.java:138)
	at org.springframework.boot.autoconfigure.condition.SpringBootCondition.matches(SpringBootCondition.java:47)
	... 27 common frames omitted
Caused by: java.lang.ClassNotFoundException: io.r2dbc.spi.ValidationDepth
	at java.base/jdk.internal.loader.BuiltinClassLoader.loadClass(BuiltinClassLoader.java:641)
	at java.base/jdk.internal.loader.ClassLoaders$AppClassLoader.loadClass(ClassLoaders.java:188)
	at java.base/java.lang.ClassLoader.loadClass(ClassLoader.java:521)
	... 48 common frames omitted
2023-03-13 16:16:09 [JavaFX-Launcher] INFO  o.s.ddsm.diaries.DiaryApplicationFX - Initialise application context
2023-03-13 16:16:10 [JavaFX-Launcher] INFO  o.s.boot.SpringApplication - Starting application using Java 19 on DESKTOP-ATTKBVC with PID 12988 (started by steph in C:\Users\steph\eclipse-workspace\ddsm-diaries)
2023-03-13 16:16:10 [JavaFX-Launcher] INFO  o.s.boot.SpringApplication - No active profile set, falling back to 1 default profile: "default"
2023-03-13 16:16:11 [JavaFX-Launcher] WARN  o.s.c.a.AnnotationConfigApplicationContext - Exception encountered during context initialization - cancelling refresh attempt: org.springframework.beans.factory.BeanDefinitionStoreException: Failed to read candidate component class: URL [jar:file:/C:/Users/steph/.m2/repository/org/springframework/boot/spring-boot-autoconfigure/2.7.6/spring-boot-autoconfigure-2.7.6.jar!/org/springframework/boot/autoconfigure/r2dbc/ConnectionFactoryConfigurations$PoolConfiguration.class]; nested exception is java.lang.IllegalStateException: Could not evaluate condition on org.springframework.boot.autoconfigure.r2dbc.ConnectionFactoryConfigurations$PoolConfiguration due to io/r2dbc/spi/ValidationDepth not found. Make sure your own configuration does not rely on that class. This can also happen if you are @ComponentScanning a springframework package (e.g. if you put a @ComponentScan in the default package by mistake)
2023-03-13 16:16:11 [JavaFX-Launcher] INFO  o.s.b.a.l.ConditionEvaluationReportLoggingListener - 

Error starting ApplicationContext. To display the conditions report re-run your application with 'debug' enabled.
2023-03-13 16:16:11 [JavaFX-Launcher] ERROR o.s.boot.SpringApplication - Application run failed
org.springframework.beans.factory.BeanDefinitionStoreException: Failed to read candidate component class: URL [jar:file:/C:/Users/steph/.m2/repository/org/springframework/boot/spring-boot-autoconfigure/2.7.6/spring-boot-autoconfigure-2.7.6.jar!/org/springframework/boot/autoconfigure/r2dbc/ConnectionFactoryConfigurations$PoolConfiguration.class]; nested exception is java.lang.IllegalStateException: Could not evaluate condition on org.springframework.boot.autoconfigure.r2dbc.ConnectionFactoryConfigurations$PoolConfiguration due to io/r2dbc/spi/ValidationDepth not found. Make sure your own configuration does not rely on that class. This can also happen if you are @ComponentScanning a springframework package (e.g. if you put a @ComponentScan in the default package by mistake)
	at org.springframework.context.annotation.ClassPathScanningCandidateComponentProvider.scanCandidateComponents(ClassPathScanningCandidateComponentProvider.java:457)
	at org.springframework.context.annotation.ClassPathScanningCandidateComponentProvider.findCandidateComponents(ClassPathScanningCandidateComponentProvider.java:316)
	at org.springframework.context.annotation.ClassPathBeanDefinitionScanner.doScan(ClassPathBeanDefinitionScanner.java:276)
	at org.springframework.context.annotation.ComponentScanAnnotationParser.parse(ComponentScanAnnotationParser.java:128)
	at org.springframework.context.annotation.ConfigurationClassParser.doProcessConfigurationClass(ConfigurationClassParser.java:295)
	at org.springframework.context.annotation.ConfigurationClassParser.processConfigurationClass(ConfigurationClassParser.java:249)
	at org.springframework.context.annotation.ConfigurationClassParser.parse(ConfigurationClassParser.java:206)
	at org.springframework.context.annotation.ConfigurationClassParser.parse(ConfigurationClassParser.java:174)
	at org.springframework.context.annotation.ConfigurationClassPostProcessor.processConfigBeanDefinitions(ConfigurationClassPostProcessor.java:331)
	at org.springframework.context.annotation.ConfigurationClassPostProcessor.postProcessBeanDefinitionRegistry(ConfigurationClassPostProcessor.java:247)
	at org.springframework.context.support.PostProcessorRegistrationDelegate.invokeBeanDefinitionRegistryPostProcessors(PostProcessorRegistrationDelegate.java:311)
	at org.springframework.context.support.PostProcessorRegistrationDelegate.invokeBeanFactoryPostProcessors(PostProcessorRegistrationDelegate.java:112)
	at org.springframework.context.support.AbstractApplicationContext.invokeBeanFactoryPostProcessors(AbstractApplicationContext.java:746)
	at org.springframework.context.support.AbstractApplicationContext.refresh(AbstractApplicationContext.java:564)
	at org.springframework.boot.SpringApplication.refresh(SpringApplication.java:731)
	at org.springframework.boot.SpringApplication.refreshContext(SpringApplication.java:408)
	at org.springframework.boot.SpringApplication.run(SpringApplication.java:307)
	at org.springframework.boot.builder.SpringApplicationBuilder.run(SpringApplicationBuilder.java:164)
	at org.stevie.ddsm.diaries.DiaryApplicationFX.init(DiaryApplicationFX.java:52)
	at com.sun.javafx.application.LauncherImpl.launchApplication1(LauncherImpl.java:825)
	at com.sun.javafx.application.LauncherImpl.lambda$launchApplication$2(LauncherImpl.java:196)
	at java.base/java.lang.Thread.run(Thread.java:1589)
Caused by: java.lang.IllegalStateException: Could not evaluate condition on org.springframework.boot.autoconfigure.r2dbc.ConnectionFactoryConfigurations$PoolConfiguration due to io/r2dbc/spi/ValidationDepth not found. Make sure your own configuration does not rely on that class. This can also happen if you are @ComponentScanning a springframework package (e.g. if you put a @ComponentScan in the default package by mistake)
	at org.springframework.boot.autoconfigure.condition.SpringBootCondition.matches(SpringBootCondition.java:54)
	at org.springframework.context.annotation.ConditionEvaluator.shouldSkip(ConditionEvaluator.java:108)
	at org.springframework.context.annotation.ConditionEvaluator.shouldSkip(ConditionEvaluator.java:88)
	at org.springframework.context.annotation.ConditionEvaluator.shouldSkip(ConditionEvaluator.java:71)
	at org.springframework.context.annotation.ClassPathScanningCandidateComponentProvider.isConditionMatch(ClassPathScanningCandidateComponentProvider.java:512)
	at org.springframework.context.annotation.ClassPathScanningCandidateComponentProvider.isCandidateComponent(ClassPathScanningCandidateComponentProvider.java:495)
	at org.springframework.context.annotation.ClassPathScanningCandidateComponentProvider.scanCandidateComponents(ClassPathScanningCandidateComponentProvider.java:430)
	... 21 common frames omitted
Caused by: java.lang.NoClassDefFoundError: io/r2dbc/spi/ValidationDepth
	at java.base/java.lang.Class.getDeclaredMethods0(Native Method)
	at java.base/java.lang.Class.privateGetDeclaredMethods(Class.java:3458)
	at java.base/java.lang.Class.getDeclaredMethods(Class.java:2557)
	at org.springframework.boot.context.properties.bind.JavaBeanBinder$Bean.getDeclaredMethods(JavaBeanBinder.java:143)
	at org.springframework.boot.context.properties.bind.JavaBeanBinder$Bean.getSorted(JavaBeanBinder.java:152)
	at org.springframework.boot.context.properties.bind.JavaBeanBinder$Bean.addProperties(JavaBeanBinder.java:135)
	at org.springframework.boot.context.properties.bind.JavaBeanBinder$Bean.<init>(JavaBeanBinder.java:130)
	at org.springframework.boot.context.properties.bind.JavaBeanBinder$Bean.get(JavaBeanBinder.java:238)
	at org.springframework.boot.context.properties.bind.JavaBeanBinder.bind(JavaBeanBinder.java:57)
	at org.springframework.boot.context.properties.bind.Binder.lambda$bindDataObject$5(Binder.java:476)
	at org.springframework.boot.context.properties.bind.Binder$Context.withIncreasedDepth(Binder.java:590)
	at org.springframework.boot.context.properties.bind.Binder$Context.withDataObject(Binder.java:576)
	at org.springframework.boot.context.properties.bind.Binder$Context.access$300(Binder.java:537)
	at org.springframework.boot.context.properties.bind.Binder.bindDataObject(Binder.java:474)
	at org.springframework.boot.context.properties.bind.Binder.bindObject(Binder.java:414)
	at org.springframework.boot.context.properties.bind.Binder.bind(Binder.java:343)
	at org.springframework.boot.context.properties.bind.Binder.bind(Binder.java:332)
	at org.springframework.boot.context.properties.bind.Binder.bind(Binder.java:262)
	at org.springframework.boot.context.properties.bind.Binder.bind(Binder.java:223)
	at org.springframework.boot.autoconfigure.r2dbc.ConnectionFactoryConfigurations$PooledConnectionFactoryCondition.getMatchOutcome(ConnectionFactoryConfigurations.java:138)
	at org.springframework.boot.autoconfigure.condition.SpringBootCondition.matches(SpringBootCondition.java:47)
	... 27 common frames omitted
Caused by: java.lang.ClassNotFoundException: io.r2dbc.spi.ValidationDepth
	at java.base/jdk.internal.loader.BuiltinClassLoader.loadClass(BuiltinClassLoader.java:641)
	at java.base/jdk.internal.loader.ClassLoaders$AppClassLoader.loadClass(ClassLoaders.java:188)
	at java.base/java.lang.ClassLoader.loadClass(ClassLoader.java:521)
	... 48 common frames omitted
2023-03-13 16:17:31 [JavaFX-Launcher] INFO  o.s.ddsm.diaries.DiaryApplicationFX - Initialise application context
2023-03-13 16:17:32 [JavaFX-Launcher] INFO  o.s.boot.SpringApplication - Starting application using Java 19 on DESKTOP-ATTKBVC with PID 30692 (started by steph in C:\Users\steph\eclipse-workspace\ddsm-diaries)
2023-03-13 16:17:32 [JavaFX-Launcher] INFO  o.s.boot.SpringApplication - No active profile set, falling back to 1 default profile: "default"
2023-03-13 16:17:33 [JavaFX-Launcher] WARN  o.s.c.a.AnnotationConfigApplicationContext - Exception encountered during context initialization - cancelling refresh attempt: org.springframework.beans.factory.BeanDefinitionStoreException: Failed to read candidate component class: URL [jar:file:/C:/Users/steph/.m2/repository/org/springframework/boot/spring-boot-autoconfigure/2.7.6/spring-boot-autoconfigure-2.7.6.jar!/org/springframework/boot/autoconfigure/r2dbc/ConnectionFactoryConfigurations$PoolConfiguration.class]; nested exception is java.lang.IllegalStateException: Could not evaluate condition on org.springframework.boot.autoconfigure.r2dbc.ConnectionFactoryConfigurations$PoolConfiguration due to io/r2dbc/spi/ValidationDepth not found. Make sure your own configuration does not rely on that class. This can also happen if you are @ComponentScanning a springframework package (e.g. if you put a @ComponentScan in the default package by mistake)
2023-03-13 16:17:33 [JavaFX-Launcher] INFO  o.s.b.a.l.ConditionEvaluationReportLoggingListener - 

Error starting ApplicationContext. To display the conditions report re-run your application with 'debug' enabled.
2023-03-13 16:17:33 [JavaFX-Launcher] ERROR o.s.boot.SpringApplication - Application run failed
org.springframework.beans.factory.BeanDefinitionStoreException: Failed to read candidate component class: URL [jar:file:/C:/Users/steph/.m2/repository/org/springframework/boot/spring-boot-autoconfigure/2.7.6/spring-boot-autoconfigure-2.7.6.jar!/org/springframework/boot/autoconfigure/r2dbc/ConnectionFactoryConfigurations$PoolConfiguration.class]; nested exception is java.lang.IllegalStateException: Could not evaluate condition on org.springframework.boot.autoconfigure.r2dbc.ConnectionFactoryConfigurations$PoolConfiguration due to io/r2dbc/spi/ValidationDepth not found. Make sure your own configuration does not rely on that class. This can also happen if you are @ComponentScanning a springframework package (e.g. if you put a @ComponentScan in the default package by mistake)
	at org.springframework.context.annotation.ClassPathScanningCandidateComponentProvider.scanCandidateComponents(ClassPathScanningCandidateComponentProvider.java:457)
	at org.springframework.context.annotation.ClassPathScanningCandidateComponentProvider.findCandidateComponents(ClassPathScanningCandidateComponentProvider.java:316)
	at org.springframework.context.annotation.ClassPathBeanDefinitionScanner.doScan(ClassPathBeanDefinitionScanner.java:276)
	at org.springframework.context.annotation.ComponentScanAnnotationParser.parse(ComponentScanAnnotationParser.java:128)
	at org.springframework.context.annotation.ConfigurationClassParser.doProcessConfigurationClass(ConfigurationClassParser.java:295)
	at org.springframework.context.annotation.ConfigurationClassParser.processConfigurationClass(ConfigurationClassParser.java:249)
	at org.springframework.context.annotation.ConfigurationClassParser.parse(ConfigurationClassParser.java:206)
	at org.springframework.context.annotation.ConfigurationClassParser.parse(ConfigurationClassParser.java:174)
	at org.springframework.context.annotation.ConfigurationClassPostProcessor.processConfigBeanDefinitions(ConfigurationClassPostProcessor.java:331)
	at org.springframework.context.annotation.ConfigurationClassPostProcessor.postProcessBeanDefinitionRegistry(ConfigurationClassPostProcessor.java:247)
	at org.springframework.context.support.PostProcessorRegistrationDelegate.invokeBeanDefinitionRegistryPostProcessors(PostProcessorRegistrationDelegate.java:311)
	at org.springframework.context.support.PostProcessorRegistrationDelegate.invokeBeanFactoryPostProcessors(PostProcessorRegistrationDelegate.java:112)
	at org.springframework.context.support.AbstractApplicationContext.invokeBeanFactoryPostProcessors(AbstractApplicationContext.java:746)
	at org.springframework.context.support.AbstractApplicationContext.refresh(AbstractApplicationContext.java:564)
	at org.springframework.boot.SpringApplication.refresh(SpringApplication.java:731)
	at org.springframework.boot.SpringApplication.refreshContext(SpringApplication.java:408)
	at org.springframework.boot.SpringApplication.run(SpringApplication.java:307)
	at org.springframework.boot.builder.SpringApplicationBuilder.run(SpringApplicationBuilder.java:164)
	at org.stevie.ddsm.diaries.DiaryApplicationFX.init(DiaryApplicationFX.java:52)
	at com.sun.javafx.application.LauncherImpl.launchApplication1(LauncherImpl.java:825)
	at com.sun.javafx.application.LauncherImpl.lambda$launchApplication$2(LauncherImpl.java:196)
	at java.base/java.lang.Thread.run(Thread.java:1589)
Caused by: java.lang.IllegalStateException: Could not evaluate condition on org.springframework.boot.autoconfigure.r2dbc.ConnectionFactoryConfigurations$PoolConfiguration due to io/r2dbc/spi/ValidationDepth not found. Make sure your own configuration does not rely on that class. This can also happen if you are @ComponentScanning a springframework package (e.g. if you put a @ComponentScan in the default package by mistake)
	at org.springframework.boot.autoconfigure.condition.SpringBootCondition.matches(SpringBootCondition.java:54)
	at org.springframework.context.annotation.ConditionEvaluator.shouldSkip(ConditionEvaluator.java:108)
	at org.springframework.context.annotation.ConditionEvaluator.shouldSkip(ConditionEvaluator.java:88)
	at org.springframework.context.annotation.ConditionEvaluator.shouldSkip(ConditionEvaluator.java:71)
	at org.springframework.context.annotation.ClassPathScanningCandidateComponentProvider.isConditionMatch(ClassPathScanningCandidateComponentProvider.java:512)
	at org.springframework.context.annotation.ClassPathScanningCandidateComponentProvider.isCandidateComponent(ClassPathScanningCandidateComponentProvider.java:495)
	at org.springframework.context.annotation.ClassPathScanningCandidateComponentProvider.scanCandidateComponents(ClassPathScanningCandidateComponentProvider.java:430)
	... 21 common frames omitted
Caused by: java.lang.NoClassDefFoundError: io/r2dbc/spi/ValidationDepth
	at java.base/java.lang.Class.getDeclaredMethods0(Native Method)
	at java.base/java.lang.Class.privateGetDeclaredMethods(Class.java:3458)
	at java.base/java.lang.Class.getDeclaredMethods(Class.java:2557)
	at org.springframework.boot.context.properties.bind.JavaBeanBinder$Bean.getDeclaredMethods(JavaBeanBinder.java:143)
	at org.springframework.boot.context.properties.bind.JavaBeanBinder$Bean.getSorted(JavaBeanBinder.java:152)
	at org.springframework.boot.context.properties.bind.JavaBeanBinder$Bean.addProperties(JavaBeanBinder.java:135)
	at org.springframework.boot.context.properties.bind.JavaBeanBinder$Bean.<init>(JavaBeanBinder.java:130)
	at org.springframework.boot.context.properties.bind.JavaBeanBinder$Bean.get(JavaBeanBinder.java:238)
	at org.springframework.boot.context.properties.bind.JavaBeanBinder.bind(JavaBeanBinder.java:57)
	at org.springframework.boot.context.properties.bind.Binder.lambda$bindDataObject$5(Binder.java:476)
	at org.springframework.boot.context.properties.bind.Binder$Context.withIncreasedDepth(Binder.java:590)
	at org.springframework.boot.context.properties.bind.Binder$Context.withDataObject(Binder.java:576)
	at org.springframework.boot.context.properties.bind.Binder$Context.access$300(Binder.java:537)
	at org.springframework.boot.context.properties.bind.Binder.bindDataObject(Binder.java:474)
	at org.springframework.boot.context.properties.bind.Binder.bindObject(Binder.java:414)
	at org.springframework.boot.context.properties.bind.Binder.bind(Binder.java:343)
	at org.springframework.boot.context.properties.bind.Binder.bind(Binder.java:332)
	at org.springframework.boot.context.properties.bind.Binder.bind(Binder.java:262)
	at org.springframework.boot.context.properties.bind.Binder.bind(Binder.java:223)
	at org.springframework.boot.autoconfigure.r2dbc.ConnectionFactoryConfigurations$PooledConnectionFactoryCondition.getMatchOutcome(ConnectionFactoryConfigurations.java:138)
	at org.springframework.boot.autoconfigure.condition.SpringBootCondition.matches(SpringBootCondition.java:47)
	... 27 common frames omitted
Caused by: java.lang.ClassNotFoundException: io.r2dbc.spi.ValidationDepth
	at java.base/jdk.internal.loader.BuiltinClassLoader.loadClass(BuiltinClassLoader.java:641)
	at java.base/jdk.internal.loader.ClassLoaders$AppClassLoader.loadClass(ClassLoaders.java:188)
	at java.base/java.lang.ClassLoader.loadClass(ClassLoader.java:521)
	... 48 common frames omitted
2023-03-13 16:20:14 [JavaFX-Launcher] INFO  o.s.ddsm.diaries.DiaryApplicationFX - Initialise application context
2023-03-13 16:20:15 [JavaFX-Launcher] INFO  o.s.boot.SpringApplication - Starting application using Java 19 on DESKTOP-ATTKBVC with PID 18192 (started by steph in C:\Users\steph\eclipse-workspace\ddsm-diaries)
2023-03-13 16:20:15 [JavaFX-Launcher] INFO  o.s.boot.SpringApplication - No active profile set, falling back to 1 default profile: "default"
2023-03-13 16:20:16 [JavaFX-Launcher] INFO  o.s.boot.SpringApplication - Started application in 2.139 seconds (JVM running for 3.848)
2023-03-13 16:20:16 [JavaFX Application Thread] INFO  o.s.ddsm.diaries.DiaryApplicationFX - Diary application started
2023-03-13 16:20:16 [JavaFX Application Thread] INFO  o.s.ddsm.diaries.StageInitialiser - Loading main form from fxml
2023-03-13 16:20:17 [JavaFX Application Thread] INFO  o.s.d.d.c.MainFormController - Initialising main form in form controller
2023-03-13 16:20:17 [JavaFX Application Thread] INFO  o.s.d.d.c.MainFormController - Configuring internet status checker
2023-03-13 16:20:24 [JavaFX Application Thread] INFO  o.s.d.d.c.MainFormController - Loading bank holiday dialog from fxml
2023-03-13 16:20:24 [JavaFX Application Thread] INFO  o.s.d.d.c.BankHolidayDialogController - Initialising bank holiday form in form controller
2023-03-13 16:22:15 [JavaFX-Launcher] INFO  o.s.ddsm.diaries.DiaryApplicationFX - Initialise application context
2023-03-13 16:22:16 [JavaFX-Launcher] INFO  o.s.boot.SpringApplication - Starting application using Java 19 on DESKTOP-ATTKBVC with PID 24468 (started by steph in C:\Users\steph\eclipse-workspace\ddsm-diaries)
2023-03-13 16:22:16 [JavaFX-Launcher] INFO  o.s.boot.SpringApplication - No active profile set, falling back to 1 default profile: "default"
2023-03-13 16:22:17 [JavaFX-Launcher] INFO  o.s.boot.SpringApplication - Started application in 1.639 seconds (JVM running for 2.836)
2023-03-13 16:22:17 [JavaFX Application Thread] INFO  o.s.ddsm.diaries.DiaryApplicationFX - Diary application started
2023-03-13 16:22:17 [JavaFX Application Thread] INFO  o.s.ddsm.diaries.StageInitialiser - Loading main form from fxml
2023-03-13 16:22:17 [JavaFX Application Thread] INFO  o.s.d.d.c.MainFormController - Initialising main form in form controller
2023-03-13 16:22:17 [JavaFX Application Thread] INFO  o.s.d.d.c.MainFormController - Configuring internet status checker
2023-03-13 16:22:22 [JavaFX Application Thread] INFO  o.s.d.d.c.MainFormController - Loading bank holiday dialog from fxml
2023-03-13 16:22:22 [JavaFX Application Thread] INFO  o.s.d.d.c.BankHolidayDialogController - Initialising bank holiday form in form controller
2023-03-13 16:22:27 [JavaFX Application Thread] INFO  o.s.d.d.c.MainFormController - Close bank holidaydialog
2023-03-13 16:22:34 [JavaFX Application Thread] INFO  o.s.d.d.c.MainFormController - Loading bank holiday dialog from fxml
2023-03-13 16:22:34 [JavaFX Application Thread] INFO  o.s.d.d.c.BankHolidayDialogController - Initialising bank holiday form in form controller
2023-03-13 16:22:36 [pool-3-thread-1] INFO  o.s.d.d.s.bank.FetchBankHolidaysTask - Retrieving bank holidays for year 2023
2023-03-13 16:22:37 [reactor-http-nio-2] INFO  o.s.d.d.s.bank.FetchBankHolidaysTask - Connected to internet!
2023-03-13 16:23:06 [JavaFX Application Thread] INFO  o.s.d.d.c.MainFormController - Close bank holidaydialog
2023-03-13 16:23:07 [JavaFX Application Thread] INFO  o.s.ddsm.diaries.DiaryApplicationFX - Diary application stopped
2023-03-13 16:30:50 [JavaFX-Launcher] INFO  o.s.ddsm.diaries.DiaryApplicationFX - Initialise application context
2023-03-13 16:30:51 [JavaFX-Launcher] INFO  o.s.boot.SpringApplication - Starting application using Java 19 on DESKTOP-ATTKBVC with PID 33652 (started by steph in C:\Users\steph\eclipse-workspace\ddsm-diaries)
2023-03-13 16:30:51 [JavaFX-Launcher] INFO  o.s.boot.SpringApplication - No active profile set, falling back to 1 default profile: "default"
2023-03-13 16:30:53 [JavaFX-Launcher] INFO  o.s.boot.SpringApplication - Started application in 2.191 seconds (JVM running for 3.912)
2023-03-13 16:30:53 [JavaFX Application Thread] INFO  o.s.ddsm.diaries.DiaryApplicationFX - Diary application started
2023-03-13 16:30:53 [JavaFX Application Thread] INFO  o.s.ddsm.diaries.StageInitialiser - Loading main form from fxml
2023-03-13 16:30:53 [JavaFX Application Thread] INFO  o.s.d.d.c.MainFormController - Initialising main form in form controller
2023-03-13 16:30:53 [JavaFX Application Thread] INFO  o.s.d.d.c.MainFormController - Configuring internet status checker
2023-03-13 16:30:55 [JavaFX Application Thread] INFO  o.s.d.d.c.MainFormController - Loading bank holiday dialog from fxml
2023-03-13 16:30:55 [JavaFX Application Thread] INFO  o.s.d.d.c.BankHolidayDialogController - Initialising bank holiday form in form controller
2023-03-13 16:31:05 [pool-3-thread-1] INFO  o.s.d.d.s.bank.FetchBankHolidaysTask - Retrieving bank holidays for year 2023
2023-03-13 16:31:35 [reactor-http-nio-2] INFO  o.s.d.d.s.bank.FetchBankHolidaysTask - Connected to internet!
2023-03-13 16:31:35 [JavaFX Application Thread] ERROR o.s.d.d.s.bank.BankHolidayService - Task timed out waiting for internetnull
2023-03-13 16:32:28 [JavaFX Application Thread] INFO  o.s.d.d.c.MainFormController - Close bank holidaydialog
2023-03-13 16:32:31 [JavaFX Application Thread] INFO  o.s.ddsm.diaries.DiaryApplicationFX - Diary application stopped
2023-03-13 16:34:10 [JavaFX-Launcher] INFO  o.s.ddsm.diaries.DiaryApplicationFX - Initialise application context
2023-03-13 16:34:11 [JavaFX-Launcher] INFO  o.s.boot.SpringApplication - Starting application using Java 19 on DESKTOP-ATTKBVC with PID 32172 (started by steph in C:\Users\steph\eclipse-workspace\ddsm-diaries)
2023-03-13 16:34:11 [JavaFX-Launcher] INFO  o.s.boot.SpringApplication - No active profile set, falling back to 1 default profile: "default"
2023-03-13 16:34:13 [JavaFX-Launcher] INFO  o.s.boot.SpringApplication - Started application in 2.175 seconds (JVM running for 3.864)
2023-03-13 16:34:13 [JavaFX Application Thread] INFO  o.s.ddsm.diaries.DiaryApplicationFX - Diary application started
2023-03-13 16:34:13 [JavaFX Application Thread] INFO  o.s.ddsm.diaries.StageInitialiser - Loading main form from fxml
2023-03-13 16:34:13 [JavaFX Application Thread] INFO  o.s.d.d.c.MainFormController - Initialising main form in form controller
2023-03-13 16:34:13 [JavaFX Application Thread] INFO  o.s.d.d.c.MainFormController - Configuring internet status checker
2023-03-13 16:34:16 [JavaFX Application Thread] INFO  o.s.d.d.c.MainFormController - Loading bank holiday dialog from fxml
2023-03-13 16:34:16 [JavaFX Application Thread] INFO  o.s.d.d.c.BankHolidayDialogController - Initialising bank holiday form in form controller
2023-03-13 16:34:22 [pool-3-thread-1] INFO  o.s.d.d.s.bank.FetchBankHolidaysTask - Retrieving bank holidays for year 2023
2023-03-13 16:34:50 [reactor-http-nio-2] INFO  o.s.d.d.s.bank.FetchBankHolidaysTask - Connected to internet!
2023-03-13 16:35:25 [JavaFX Application Thread] INFO  o.s.d.d.c.MainFormController - Close bank holidaydialog
2023-03-13 16:35:28 [JavaFX Application Thread] INFO  o.s.ddsm.diaries.DiaryApplicationFX - Diary application stopped
2023-03-13 16:40:02 [JavaFX-Launcher] INFO  o.s.ddsm.diaries.DiaryApplicationFX - Initialise application context
2023-03-13 16:40:03 [JavaFX-Launcher] INFO  o.s.boot.SpringApplication - Starting application using Java 19 on DESKTOP-ATTKBVC with PID 1432 (started by steph in C:\Users\steph\eclipse-workspace\ddsm-diaries)
2023-03-13 16:40:03 [JavaFX-Launcher] INFO  o.s.boot.SpringApplication - No active profile set, falling back to 1 default profile: "default"
2023-03-13 16:40:05 [JavaFX-Launcher] INFO  o.s.boot.SpringApplication - Started application in 2.032 seconds (JVM running for 3.714)
2023-03-13 16:40:05 [JavaFX Application Thread] INFO  o.s.ddsm.diaries.DiaryApplicationFX - Diary application started
2023-03-13 16:40:05 [JavaFX Application Thread] INFO  o.s.ddsm.diaries.StageInitialiser - Loading main form from fxml
2023-03-13 16:40:05 [JavaFX Application Thread] INFO  o.s.d.d.c.MainFormController - Initialising main form in form controller
2023-03-13 16:40:05 [JavaFX Application Thread] INFO  o.s.d.d.c.MainFormController - Configuring internet status checker
2023-03-13 16:40:07 [JavaFX Application Thread] INFO  o.s.d.d.c.MainFormController - Loading bank holiday dialog from fxml
2023-03-13 16:40:08 [JavaFX Application Thread] INFO  o.s.d.d.c.BankHolidayDialogController - Initialising bank holiday form in form controller
2023-03-13 16:40:15 [pool-3-thread-1] INFO  o.s.d.d.s.bank.FetchBankHolidaysTask - Retrieving bank holidays for year 2023
2023-03-13 16:40:56 [reactor-http-nio-2] INFO  o.s.d.d.s.bank.FetchBankHolidaysTask - Connected to internet!
2023-03-13 16:51:57 [JavaFX-Launcher] INFO  o.s.ddsm.diaries.DiaryApplicationFX - Initialise application context
2023-03-13 16:51:58 [JavaFX-Launcher] INFO  o.s.boot.SpringApplication - Starting application using Java 19 on DESKTOP-ATTKBVC with PID 14780 (started by steph in C:\Users\steph\eclipse-workspace\ddsm-diaries)
2023-03-13 16:51:58 [JavaFX-Launcher] INFO  o.s.boot.SpringApplication - No active profile set, falling back to 1 default profile: "default"
2023-03-13 16:51:59 [JavaFX-Launcher] INFO  o.s.boot.SpringApplication - Started application in 2.249 seconds (JVM running for 3.926)
2023-03-13 16:51:59 [JavaFX Application Thread] INFO  o.s.ddsm.diaries.DiaryApplicationFX - Diary application started
2023-03-13 16:51:59 [JavaFX Application Thread] INFO  o.s.ddsm.diaries.StageInitialiser - Loading main form from fxml
2023-03-13 16:52:00 [JavaFX Application Thread] INFO  o.s.d.d.c.MainFormController - Initialising main form in form controller
2023-03-13 16:52:00 [JavaFX Application Thread] INFO  o.s.d.d.c.MainFormController - Configuring internet status checker
2023-03-13 16:52:02 [JavaFX Application Thread] INFO  o.s.d.d.c.MainFormController - Loading bank holiday dialog from fxml
2023-03-13 16:52:02 [JavaFX Application Thread] INFO  o.s.d.d.c.BankHolidayDialogController - Initialising bank holiday form in form controller
2023-03-13 16:52:08 [pool-3-thread-1] INFO  o.s.d.d.s.bank.FetchBankHolidaysTask - Retrieving bank holidays for year 2023
2023-03-13 16:52:35 [reactor-http-nio-2] INFO  o.s.d.d.s.bank.FetchBankHolidaysTask - Connected to internet!
2023-03-13 16:58:25 [JavaFX-Launcher] INFO  o.s.ddsm.diaries.DiaryApplicationFX - Initialise application context
2023-03-13 16:58:26 [JavaFX-Launcher] INFO  o.s.boot.SpringApplication - Starting application using Java 19 on DESKTOP-ATTKBVC with PID 24056 (started by steph in C:\Users\steph\eclipse-workspace\ddsm-diaries)
2023-03-13 16:58:26 [JavaFX-Launcher] INFO  o.s.boot.SpringApplication - No active profile set, falling back to 1 default profile: "default"
2023-03-13 16:58:27 [JavaFX-Launcher] INFO  o.s.boot.SpringApplication - Started application in 2.235 seconds (JVM running for 3.899)
2023-03-13 16:58:27 [JavaFX Application Thread] INFO  o.s.ddsm.diaries.DiaryApplicationFX - Diary application started
2023-03-13 16:58:27 [JavaFX Application Thread] INFO  o.s.ddsm.diaries.StageInitialiser - Loading main form from fxml
2023-03-13 16:58:28 [JavaFX Application Thread] INFO  o.s.d.d.c.MainFormController - Initialising main form in form controller
2023-03-13 16:58:28 [JavaFX Application Thread] INFO  o.s.d.d.c.MainFormController - Configuring internet status checker
2023-03-13 16:58:30 [JavaFX Application Thread] INFO  o.s.d.d.c.MainFormController - Loading bank holiday dialog from fxml
2023-03-13 16:58:30 [JavaFX Application Thread] INFO  o.s.d.d.c.BankHolidayDialogController - Initialising bank holiday form in form controller
2023-03-13 16:58:37 [pool-3-thread-1] INFO  o.s.d.d.s.bank.FetchBankHolidaysTask - Retrieving bank holidays for year 2023
2023-03-13 16:59:10 [reactor-http-nio-2] INFO  o.s.d.d.s.bank.FetchBankHolidaysTask - Connected to internet!
2023-03-13 17:02:46 [JavaFX-Launcher] INFO  o.s.ddsm.diaries.DiaryApplicationFX - Initialise application context
2023-03-13 17:02:47 [JavaFX-Launcher] INFO  o.s.boot.SpringApplication - Starting application using Java 19 on DESKTOP-ATTKBVC with PID 3112 (started by steph in C:\Users\steph\eclipse-workspace\ddsm-diaries)
2023-03-13 17:02:47 [JavaFX-Launcher] INFO  o.s.boot.SpringApplication - No active profile set, falling back to 1 default profile: "default"
2023-03-13 17:02:49 [JavaFX-Launcher] INFO  o.s.boot.SpringApplication - Started application in 2.125 seconds (JVM running for 3.814)
2023-03-13 17:02:49 [JavaFX Application Thread] INFO  o.s.ddsm.diaries.DiaryApplicationFX - Diary application started
2023-03-13 17:02:49 [JavaFX Application Thread] INFO  o.s.ddsm.diaries.StageInitialiser - Loading main form from fxml
2023-03-13 17:02:49 [JavaFX Application Thread] INFO  o.s.d.d.c.MainFormController - Initialising main form in form controller
2023-03-13 17:02:49 [JavaFX Application Thread] INFO  o.s.d.d.c.MainFormController - Configuring internet status checker
2023-03-13 17:02:52 [JavaFX Application Thread] INFO  o.s.d.d.c.MainFormController - Loading bank holiday dialog from fxml
2023-03-13 17:02:52 [JavaFX Application Thread] INFO  o.s.d.d.c.BankHolidayDialogController - Initialising bank holiday form in form controller
2023-03-13 17:02:58 [pool-3-thread-1] INFO  o.s.d.d.s.bank.FetchBankHolidaysTask - Retrieving bank holidays for year 2023
2023-03-13 17:02:59 [reactor-http-nio-2] INFO  o.s.d.d.s.bank.FetchBankHolidaysTask - Connected to internet!
2023-03-13 17:06:25 [JavaFX-Launcher] INFO  o.s.ddsm.diaries.DiaryApplicationFX - Initialise application context
2023-03-13 17:06:26 [JavaFX-Launcher] INFO  o.s.boot.SpringApplication - Starting application using Java 19 on DESKTOP-ATTKBVC with PID 27680 (started by steph in C:\Users\steph\eclipse-workspace\ddsm-diaries)
2023-03-13 17:06:26 [JavaFX-Launcher] INFO  o.s.boot.SpringApplication - No active profile set, falling back to 1 default profile: "default"
2023-03-13 17:06:28 [JavaFX-Launcher] INFO  o.s.boot.SpringApplication - Started application in 2.277 seconds (JVM running for 4.013)
2023-03-13 17:06:28 [JavaFX Application Thread] INFO  o.s.ddsm.diaries.DiaryApplicationFX - Diary application started
2023-03-13 17:06:28 [JavaFX Application Thread] INFO  o.s.ddsm.diaries.StageInitialiser - Loading main form from fxml
2023-03-13 17:06:28 [JavaFX Application Thread] INFO  o.s.d.d.c.MainFormController - Initialising main form in form controller
2023-03-13 17:06:28 [JavaFX Application Thread] INFO  o.s.d.d.c.MainFormController - Configuring internet status checker
2023-03-13 17:06:30 [JavaFX Application Thread] INFO  o.s.d.d.c.MainFormController - Loading bank holiday dialog from fxml
2023-03-13 17:06:30 [JavaFX Application Thread] INFO  o.s.d.d.c.BankHolidayDialogController - Initialising bank holiday form in form controller
2023-03-13 17:06:36 [pool-3-thread-1] INFO  o.s.d.d.s.bank.FetchBankHolidaysTask - Retrieving bank holidays for year 2023
2023-03-13 17:07:08 [reactor-http-nio-2] INFO  o.s.d.d.s.bank.FetchBankHolidaysTask - Connected to internet!
2023-03-13 17:09:03 [JavaFX Application Thread] INFO  o.s.d.d.c.MainFormController - Close bank holidaydialog
2023-03-13 17:09:06 [JavaFX Application Thread] INFO  o.s.ddsm.diaries.DiaryApplicationFX - Diary application stopped
2023-03-13 17:17:02 [JavaFX-Launcher] INFO  o.s.ddsm.diaries.DiaryApplicationFX - Initialise application context
2023-03-13 17:17:03 [JavaFX-Launcher] INFO  o.s.boot.SpringApplication - Starting application using Java 19 on DESKTOP-ATTKBVC with PID 10484 (started by steph in C:\Users\steph\eclipse-workspace\ddsm-diaries)
2023-03-13 17:17:03 [JavaFX-Launcher] INFO  o.s.boot.SpringApplication - No active profile set, falling back to 1 default profile: "default"
2023-03-13 17:17:04 [JavaFX-Launcher] INFO  o.s.boot.SpringApplication - Started application in 2.139 seconds (JVM running for 3.859)
2023-03-13 17:17:04 [JavaFX Application Thread] INFO  o.s.ddsm.diaries.DiaryApplicationFX - Diary application started
2023-03-13 17:17:04 [JavaFX Application Thread] INFO  o.s.ddsm.diaries.StageInitialiser - Loading main form from fxml
2023-03-13 17:17:05 [JavaFX Application Thread] INFO  o.s.d.d.c.MainFormController - Initialising main form in form controller
2023-03-13 17:17:05 [JavaFX Application Thread] INFO  o.s.d.d.c.MainFormController - Configuring internet status checker
2023-03-13 17:17:07 [JavaFX Application Thread] INFO  o.s.d.d.c.MainFormController - Loading bank holiday dialog from fxml
2023-03-13 17:17:07 [JavaFX Application Thread] INFO  o.s.d.d.c.BankHolidayDialogController - Initialising bank holiday form in form controller
2023-03-13 17:17:13 [pool-3-thread-1] INFO  o.s.d.d.s.bank.FetchBankHolidaysTask - Retrieving bank holidays for year 2023
2023-03-13 17:17:44 [reactor-http-nio-2] INFO  o.s.d.d.s.bank.FetchBankHolidaysTask - Connected to internet!
2023-03-13 17:19:08 [JavaFX-Launcher] INFO  o.s.ddsm.diaries.DiaryApplicationFX - Initialise application context
2023-03-13 17:19:09 [JavaFX-Launcher] INFO  o.s.boot.SpringApplication - Starting application using Java 19 on DESKTOP-ATTKBVC with PID 16592 (started by steph in C:\Users\steph\eclipse-workspace\ddsm-diaries)
2023-03-13 17:19:09 [JavaFX-Launcher] INFO  o.s.boot.SpringApplication - No active profile set, falling back to 1 default profile: "default"
2023-03-13 17:19:10 [JavaFX-Launcher] INFO  o.s.boot.SpringApplication - Started application in 1.892 seconds (JVM running for 5.128)
2023-03-13 17:19:10 [JavaFX Application Thread] INFO  o.s.ddsm.diaries.DiaryApplicationFX - Diary application started
2023-03-13 17:19:10 [JavaFX Application Thread] INFO  o.s.ddsm.diaries.StageInitialiser - Loading main form from fxml
2023-03-13 17:19:10 [JavaFX Application Thread] INFO  o.s.d.d.c.MainFormController - Initialising main form in form controller
2023-03-13 17:19:10 [JavaFX Application Thread] INFO  o.s.d.d.c.MainFormController - Configuring internet status checker
2023-03-13 17:19:21 [JavaFX Application Thread] INFO  o.s.d.d.c.MainFormController - Loading bank holiday dialog from fxml
2023-03-13 17:19:22 [JavaFX Application Thread] INFO  o.s.d.d.c.BankHolidayDialogController - Initialising bank holiday form in form controller
2023-03-13 17:19:27 [pool-3-thread-1] INFO  o.s.d.d.s.bank.FetchBankHolidaysTask - Retrieving bank holidays for year 2023
2023-03-13 17:20:01 [reactor-http-nio-2] INFO  o.s.d.d.s.bank.FetchBankHolidaysTask - Connected to internet!
2023-03-13 17:21:28 [JavaFX-Launcher] INFO  o.s.ddsm.diaries.DiaryApplicationFX - Initialise application context
2023-03-13 17:21:29 [JavaFX-Launcher] INFO  o.s.boot.SpringApplication - Starting application using Java 19 on DESKTOP-ATTKBVC with PID 34772 (started by steph in C:\Users\steph\eclipse-workspace\ddsm-diaries)
2023-03-13 17:21:29 [JavaFX-Launcher] INFO  o.s.boot.SpringApplication - No active profile set, falling back to 1 default profile: "default"
2023-03-13 17:21:30 [JavaFX-Launcher] INFO  o.s.boot.SpringApplication - Started application in 2.129 seconds (JVM running for 3.871)
2023-03-13 17:21:30 [JavaFX Application Thread] INFO  o.s.ddsm.diaries.DiaryApplicationFX - Diary application started
2023-03-13 17:21:30 [JavaFX Application Thread] INFO  o.s.ddsm.diaries.StageInitialiser - Loading main form from fxml
2023-03-13 17:21:31 [JavaFX Application Thread] INFO  o.s.d.d.c.MainFormController - Initialising main form in form controller
2023-03-13 17:21:31 [JavaFX Application Thread] INFO  o.s.d.d.c.MainFormController - Configuring internet status checker
2023-03-13 17:21:36 [JavaFX Application Thread] INFO  o.s.d.d.c.MainFormController - Loading bank holiday dialog from fxml
2023-03-13 17:21:36 [JavaFX Application Thread] INFO  o.s.d.d.c.BankHolidayDialogController - Initialising bank holiday form in form controller
2023-03-13 17:21:44 [pool-3-thread-1] INFO  o.s.d.d.s.bank.FetchBankHolidaysTask - Retrieving bank holidays for year 2023
2023-03-13 17:22:13 [reactor-http-nio-2] INFO  o.s.d.d.s.bank.FetchBankHolidaysTask - Connected to internet!
2023-03-13 17:27:08 [JavaFX-Launcher] INFO  o.s.ddsm.diaries.DiaryApplicationFX - Initialise application context
2023-03-13 17:27:09 [JavaFX-Launcher] INFO  o.s.boot.SpringApplication - Starting application using Java 19 on DESKTOP-ATTKBVC with PID 26668 (started by steph in C:\Users\steph\eclipse-workspace\ddsm-diaries)
2023-03-13 17:27:09 [JavaFX-Launcher] INFO  o.s.boot.SpringApplication - No active profile set, falling back to 1 default profile: "default"
2023-03-13 17:27:10 [JavaFX-Launcher] INFO  o.s.boot.SpringApplication - Started application in 2.125 seconds (JVM running for 3.84)
2023-03-13 17:27:10 [JavaFX Application Thread] INFO  o.s.ddsm.diaries.DiaryApplicationFX - Diary application started
2023-03-13 17:27:10 [JavaFX Application Thread] INFO  o.s.ddsm.diaries.StageInitialiser - Loading main form from fxml
2023-03-13 17:27:11 [JavaFX Application Thread] INFO  o.s.d.d.c.MainFormController - Initialising main form in form controller
2023-03-13 17:27:11 [JavaFX Application Thread] INFO  o.s.d.d.c.MainFormController - Configuring internet status checker
2023-03-13 17:27:13 [JavaFX Application Thread] INFO  o.s.d.d.c.MainFormController - Loading bank holiday dialog from fxml
2023-03-13 17:27:13 [JavaFX Application Thread] INFO  o.s.d.d.c.BankHolidayDialogController - Initialising bank holiday form in form controller
2023-03-13 17:27:30 [pool-3-thread-1] INFO  o.s.d.d.s.bank.FetchBankHolidaysTask - Retrieving bank holidays for year 2023
2023-03-13 17:27:31 [reactor-http-nio-2] INFO  o.s.d.d.s.bank.FetchBankHolidaysTask - Connected to internet!
2023-03-13 17:28:35 [JavaFX-Launcher] INFO  o.s.ddsm.diaries.DiaryApplicationFX - Initialise application context
2023-03-13 17:28:36 [JavaFX-Launcher] INFO  o.s.boot.SpringApplication - Starting application using Java 19 on DESKTOP-ATTKBVC with PID 12664 (started by steph in C:\Users\steph\eclipse-workspace\ddsm-diaries)
2023-03-13 17:28:36 [JavaFX-Launcher] INFO  o.s.boot.SpringApplication - No active profile set, falling back to 1 default profile: "default"
2023-03-13 17:28:37 [JavaFX-Launcher] INFO  o.s.boot.SpringApplication - Started application in 2.146 seconds (JVM running for 3.876)
2023-03-13 17:28:37 [JavaFX Application Thread] INFO  o.s.ddsm.diaries.DiaryApplicationFX - Diary application started
2023-03-13 17:28:37 [JavaFX Application Thread] INFO  o.s.ddsm.diaries.StageInitialiser - Loading main form from fxml
2023-03-13 17:28:38 [JavaFX Application Thread] INFO  o.s.d.d.c.MainFormController - Initialising main form in form controller
2023-03-13 17:28:38 [JavaFX Application Thread] INFO  o.s.d.d.c.MainFormController - Configuring internet status checker
2023-03-13 17:28:40 [JavaFX Application Thread] INFO  o.s.d.d.c.MainFormController - Loading bank holiday dialog from fxml
2023-03-13 17:28:40 [JavaFX Application Thread] INFO  o.s.d.d.c.BankHolidayDialogController - Initialising bank holiday form in form controller
2023-03-13 17:29:05 [pool-3-thread-1] INFO  o.s.d.d.s.bank.FetchBankHolidaysTask - Retrieving bank holidays for year 2023
2023-03-13 17:29:06 [reactor-http-nio-2] INFO  o.s.d.d.s.bank.FetchBankHolidaysTask - Connected to internet!
2023-03-13 17:32:01 [JavaFX-Launcher] INFO  o.s.ddsm.diaries.DiaryApplicationFX - Initialise application context
2023-03-13 17:32:02 [JavaFX-Launcher] INFO  o.s.boot.SpringApplication - Starting application using Java 19 on DESKTOP-ATTKBVC with PID 27704 (started by steph in C:\Users\steph\eclipse-workspace\ddsm-diaries)
2023-03-13 17:32:02 [JavaFX-Launcher] INFO  o.s.boot.SpringApplication - No active profile set, falling back to 1 default profile: "default"
2023-03-13 17:32:04 [JavaFX-Launcher] INFO  o.s.boot.SpringApplication - Started application in 1.99 seconds (JVM running for 3.734)
2023-03-13 17:32:04 [JavaFX Application Thread] INFO  o.s.ddsm.diaries.DiaryApplicationFX - Diary application started
2023-03-13 17:32:04 [JavaFX Application Thread] INFO  o.s.ddsm.diaries.StageInitialiser - Loading main form from fxml
2023-03-13 17:32:04 [JavaFX Application Thread] INFO  o.s.d.d.c.MainFormController - Initialising main form in form controller
2023-03-13 17:32:04 [JavaFX Application Thread] INFO  o.s.d.d.c.MainFormController - Configuring internet status checker
2023-03-13 17:32:06 [JavaFX Application Thread] INFO  o.s.d.d.c.MainFormController - Loading bank holiday dialog from fxml
2023-03-13 17:32:06 [JavaFX Application Thread] INFO  o.s.d.d.c.BankHolidayDialogController - Initialising bank holiday form in form controller
2023-03-13 17:32:10 [pool-3-thread-1] INFO  o.s.d.d.s.bank.FetchBankHolidaysTask - Retrieving bank holidays for year 2023
2023-03-13 17:32:12 [reactor-http-nio-2] INFO  o.s.d.d.s.bank.FetchBankHolidaysTask - Connected to internet!
2023-03-13 17:38:19 [JavaFX-Launcher] INFO  o.s.ddsm.diaries.DiaryApplicationFX - Initialise application context
2023-03-13 17:38:20 [JavaFX-Launcher] INFO  o.s.boot.SpringApplication - Starting application using Java 19 on DESKTOP-ATTKBVC with PID 31672 (started by steph in C:\Users\steph\eclipse-workspace\ddsm-diaries)
2023-03-13 17:38:20 [JavaFX-Launcher] INFO  o.s.boot.SpringApplication - No active profile set, falling back to 1 default profile: "default"
2023-03-13 17:38:22 [JavaFX-Launcher] INFO  o.s.boot.SpringApplication - Started application in 2.09 seconds (JVM running for 3.814)
2023-03-13 17:38:22 [JavaFX Application Thread] INFO  o.s.ddsm.diaries.DiaryApplicationFX - Diary application started
2023-03-13 17:38:22 [JavaFX Application Thread] INFO  o.s.ddsm.diaries.StageInitialiser - Loading main form from fxml
2023-03-13 17:38:22 [JavaFX Application Thread] INFO  o.s.d.d.c.MainFormController - Initialising main form in form controller
2023-03-13 17:38:22 [JavaFX Application Thread] INFO  o.s.d.d.c.MainFormController - Configuring internet status checker
2023-03-13 17:38:24 [JavaFX Application Thread] INFO  o.s.d.d.c.MainFormController - Loading bank holiday dialog from fxml
2023-03-13 17:38:24 [JavaFX Application Thread] INFO  o.s.d.d.c.BankHolidayDialogController - Initialising bank holiday form in form controller
2023-03-13 17:39:12 [pool-3-thread-1] INFO  o.s.d.d.s.bank.FetchBankHolidaysTask - Retrieving bank holidays for year 2023
2023-03-13 17:39:13 [reactor-http-nio-2] INFO  o.s.d.d.s.bank.FetchBankHolidaysTask - Connected to internet!
2023-03-13 17:58:16 [JavaFX-Launcher] INFO  o.s.ddsm.diaries.DiaryApplicationFX - Initialise application context
2023-03-13 17:58:16 [JavaFX-Launcher] INFO  o.s.boot.SpringApplication - Starting application using Java 19 on DESKTOP-ATTKBVC with PID 33136 (started by steph in C:\Users\steph\eclipse-workspace\ddsm-diaries)
2023-03-13 17:58:16 [JavaFX-Launcher] INFO  o.s.boot.SpringApplication - No active profile set, falling back to 1 default profile: "default"
2023-03-13 17:58:17 [JavaFX-Launcher] INFO  o.s.boot.SpringApplication - Started application in 1.49 seconds (JVM running for 2.515)
2023-03-13 17:58:17 [JavaFX Application Thread] INFO  o.s.ddsm.diaries.DiaryApplicationFX - Diary application started
2023-03-13 17:58:17 [JavaFX Application Thread] INFO  o.s.ddsm.diaries.StageInitialiser - Loading main form from fxml
2023-03-13 17:58:18 [JavaFX Application Thread] INFO  o.s.d.d.c.MainFormController - Initialising main form in form controller
2023-03-13 17:58:18 [JavaFX Application Thread] INFO  o.s.d.d.c.MainFormController - Configuring internet status checker
2023-03-13 17:58:20 [JavaFX Application Thread] INFO  o.s.d.d.c.MainFormController - Loading bank holiday dialog from fxml
2023-03-13 17:58:20 [JavaFX Application Thread] INFO  o.s.d.d.c.BankHolidayDialogController - Initialising bank holiday form in form controller
2023-03-13 17:58:23 [JavaFX Application Thread] INFO  o.s.d.d.s.bank.BankHolidayService - Retrieving bank holidays for year 2023
2023-03-13 17:58:23 [reactor-http-nio-2] INFO  o.s.d.d.s.bank.BankHolidayService - Connected to internet!
2023-03-13 17:58:30 [JavaFX Application Thread] INFO  o.s.d.d.s.bank.BankHolidayService - Retrieving bank holidays for year 2024
2023-03-13 17:58:30 [reactor-http-nio-2] INFO  o.s.d.d.s.bank.BankHolidayService - Connected to internet!
2023-03-13 17:58:44 [JavaFX Application Thread] INFO  o.s.d.d.c.MainFormController - Close bank holidaydialog
2023-03-13 17:58:47 [JavaFX Application Thread] INFO  o.s.ddsm.diaries.DiaryApplicationFX - Diary application stopped
2023-03-13 17:59:17 [JavaFX-Launcher] INFO  o.s.ddsm.diaries.DiaryApplicationFX - Initialise application context
2023-03-13 17:59:18 [JavaFX-Launcher] INFO  o.s.boot.SpringApplication - Starting application using Java 19 on DESKTOP-ATTKBVC with PID 1124 (started by steph in C:\Users\steph\eclipse-workspace\ddsm-diaries)
2023-03-13 17:59:18 [JavaFX-Launcher] INFO  o.s.boot.SpringApplication - No active profile set, falling back to 1 default profile: "default"
2023-03-13 17:59:19 [JavaFX-Launcher] INFO  o.s.boot.SpringApplication - Started application in 1.51 seconds (JVM running for 2.537)
2023-03-13 17:59:19 [JavaFX Application Thread] INFO  o.s.ddsm.diaries.DiaryApplicationFX - Diary application started
2023-03-13 17:59:19 [JavaFX Application Thread] INFO  o.s.ddsm.diaries.StageInitialiser - Loading main form from fxml
2023-03-13 17:59:19 [JavaFX Application Thread] INFO  o.s.d.d.c.MainFormController - Initialising main form in form controller
2023-03-13 17:59:19 [JavaFX Application Thread] INFO  o.s.d.d.c.MainFormController - Configuring internet status checker
2023-03-13 17:59:29 [JavaFX Application Thread] INFO  o.s.d.d.s.bank.BankHolidayService - Retrieving bank holidays for year 2023
2023-03-13 17:59:30 [reactor-http-nio-2] INFO  o.s.d.d.s.bank.BankHolidayService - Connected to internet!
2023-03-13 17:59:30 [JavaFX Application Thread] INFO  o.s.d.d.c.MainFormController - Loading recording dialog from fxml
2023-03-13 17:59:30 [JavaFX Application Thread] INFO  o.s.d.d.c.RecordingDiaryController - Initialising recording dates form in form controller
2023-03-13 17:59:37 [JavaFX Application Thread] INFO  o.s.d.d.c.MainFormController - Close recording dates dialog
2023-03-13 17:59:39 [JavaFX Application Thread] INFO  o.s.d.d.c.MainFormController - Loading duplication dialog from fxml
2023-03-13 17:59:39 [JavaFX Application Thread] INFO  o.s.d.d.c.DuplicationDiaryController - Initialising duplication dates form in form controller
2023-03-13 17:59:45 [JavaFX Application Thread] INFO  o.s.d.d.c.MainFormController - Close duplication dates dialog
2023-03-13 17:59:46 [JavaFX Application Thread] INFO  o.s.d.d.c.MainFormController - Loading bank holiday dialog from fxml
2023-03-13 17:59:46 [JavaFX Application Thread] INFO  o.s.d.d.c.BankHolidayDialogController - Initialising bank holiday form in form controller
2023-03-13 17:59:52 [JavaFX Application Thread] INFO  o.s.d.d.s.bank.BankHolidayService - Retrieving bank holidays for year 2024
2023-03-13 17:59:52 [reactor-http-nio-2] INFO  o.s.d.d.s.bank.BankHolidayService - Connected to internet!
2023-03-13 17:59:57 [JavaFX Application Thread] INFO  o.s.d.d.c.MainFormController - Close bank holidaydialog
2023-03-13 18:00:00 [JavaFX Application Thread] INFO  o.s.ddsm.diaries.DiaryApplicationFX - Diary application stopped
