2023-10-26 16:36:17 [JavaFX-Launcher] INFO  o.s.ddsm.diaries.DiaryApplicationFX - Initialise application context
2023-10-26 16:36:18 [JavaFX-Launcher] INFO  o.s.boot.SpringApplication - Starting application using Java 21 on DESKTOP-ATTKBVC with PID 24760 (started by steph in C:\Users\steph\eclipse-workspace\ddsm-diaries)
2023-10-26 16:36:18 [JavaFX-Launcher] INFO  o.s.boot.SpringApplication - No active profile set, falling back to 1 default profile: "default"
2023-10-26 16:36:19 [JavaFX-Launcher] INFO  o.s.boot.SpringApplication - Started application in 1.454 seconds (JVM running for 2.545)
2023-10-26 16:36:19 [JavaFX Application Thread] INFO  o.s.ddsm.diaries.DiaryApplicationFX - Diary application started
2023-10-26 16:36:19 [JavaFX Application Thread] INFO  o.s.ddsm.diaries.StageInitialiser - Loading main form from fxml
2023-10-26 16:36:19 [JavaFX Application Thread] INFO  o.s.d.d.c.MainFormController - Configuring internet status checker
2023-10-26 16:36:23 [JavaFX Application Thread] INFO  o.s.d.d.c.MainFormController - Loading bank holiday dialog from fxml
2023-10-26 16:36:29 [pool-3-thread-1] INFO  o.s.d.d.s.bank.FetchBankHolidaysTask - Retrieving bank holidays for year 2024
2023-10-26 16:36:29 [reactor-http-nio-2] INFO  o.s.d.d.s.bank.FetchBankHolidaysTask - Connected to internet!
2023-10-26 16:38:12 [JavaFX Application Thread] INFO  o.s.d.d.c.MainFormController - Close bank holidaydialog
2023-10-26 16:38:15 [JavaFX Application Thread] INFO  o.s.ddsm.diaries.DiaryApplicationFX - Diary application stopped
2023-10-26 17:03:35 [JavaFX-Launcher] INFO  o.s.ddsm.diaries.DiaryApplicationFX - Initialise application context
2023-10-26 17:03:35 [JavaFX-Launcher] INFO  o.s.boot.SpringApplication - Starting application using Java 21 on DESKTOP-ATTKBVC with PID 16632 (started by steph in C:\Users\steph\eclipse-workspace\ddsm-diaries)
2023-10-26 17:03:35 [JavaFX-Launcher] INFO  o.s.boot.SpringApplication - No active profile set, falling back to 1 default profile: "default"
2023-10-26 17:03:36 [JavaFX-Launcher] INFO  o.s.boot.SpringApplication - Started application in 1.224 seconds (JVM running for 2.083)
2023-10-26 17:03:36 [JavaFX Application Thread] INFO  o.s.ddsm.diaries.DiaryApplicationFX - Diary application started
2023-10-26 17:03:36 [JavaFX Application Thread] INFO  o.s.ddsm.diaries.StageInitialiser - Loading main form from fxml
2023-10-26 17:03:36 [JavaFX Application Thread] INFO  o.s.d.d.c.MainFormController - Configuring internet status checker
2023-10-26 17:03:50 [JavaFX Application Thread] INFO  o.s.ddsm.diaries.DiaryApplicationFX - Diary application stopped
