2023-10-30 18:14:12 [main] INFO  o.s.b.t.c.SpringBootTestContextBootstrapper - Neither @ContextConfiguration nor @ContextHierarchy found for test class [org.stevie.ddsm.diaries.DdsmDiariesApplicationTests], using SpringBootContextLoader
2023-10-30 18:14:12 [main] INFO  o.s.t.c.s.AbstractContextLoader - Could not detect default resource locations for test class [org.stevie.ddsm.diaries.DdsmDiariesApplicationTests]: no resource found for suffixes {-context.xml, Context.groovy}.
2023-10-30 18:14:12 [main] INFO  o.s.t.c.s.AnnotationConfigContextLoaderUtils - Could not detect default configuration classes for test class [org.stevie.ddsm.diaries.DdsmDiariesApplicationTests]: DdsmDiariesApplicationTests does not declare any static, non-private, non-final, nested classes annotated with @Configuration.
2023-10-30 18:14:12 [main] INFO  o.s.b.t.c.SpringBootTestContextBootstrapper - Found @SpringBootConfiguration org.stevie.ddsm.diaries.DdsmDiariesApplication for test class org.stevie.ddsm.diaries.DdsmDiariesApplicationTests
2023-10-30 18:14:12 [main] INFO  o.s.b.t.c.SpringBootTestContextBootstrapper - Loaded default TestExecutionListener class names from location [META-INF/spring.factories]: [org.springframework.boot.test.mock.mockito.MockitoTestExecutionListener, org.springframework.boot.test.mock.mockito.ResetMocksTestExecutionListener, org.springframework.boot.test.autoconfigure.restdocs.RestDocsTestExecutionListener, org.springframework.boot.test.autoconfigure.web.client.MockRestServiceServerResetTestExecutionListener, org.springframework.boot.test.autoconfigure.web.servlet.MockMvcPrintOnlyOnFailureTestExecutionListener, org.springframework.boot.test.autoconfigure.web.servlet.WebDriverTestExecutionListener, org.springframework.boot.test.autoconfigure.webservices.client.MockWebServiceServerTestExecutionListener, org.springframework.test.context.web.ServletTestExecutionListener, org.springframework.test.context.support.DirtiesContextBeforeModesTestExecutionListener, org.springframework.test.context.event.ApplicationEventsTestExecutionListener, org.springframework.test.context.support.DependencyInjectionTestExecutionListener, org.springframework.test.context.support.DirtiesContextTestExecutionListener, org.springframework.test.context.transaction.TransactionalTestExecutionListener, org.springframework.test.context.jdbc.SqlScriptsTestExecutionListener, org.springframework.test.context.event.EventPublishingTestExecutionListener]
2023-10-30 18:14:12 [main] INFO  o.s.b.t.c.SpringBootTestContextBootstrapper - Using TestExecutionListeners: [org.springframework.test.context.support.DirtiesContextBeforeModesTestExecutionListener@4566d049, org.springframework.test.context.event.ApplicationEventsTestExecutionListener@61ce23ac, org.springframework.boot.test.mock.mockito.MockitoTestExecutionListener@3668d4, org.springframework.boot.test.autoconfigure.SpringBootDependencyInjectionTestExecutionListener@1c3b9394, org.springframework.test.context.support.DirtiesContextTestExecutionListener@6f2cfcc2, org.springframework.test.context.event.EventPublishingTestExecutionListener@7f6f61c8, org.springframework.boot.test.mock.mockito.ResetMocksTestExecutionListener@4c2cc639, org.springframework.boot.test.autoconfigure.restdocs.RestDocsTestExecutionListener@ccb4b1b, org.springframework.boot.test.autoconfigure.web.client.MockRestServiceServerResetTestExecutionListener@4097cac, org.springframework.boot.test.autoconfigure.web.servlet.MockMvcPrintOnlyOnFailureTestExecutionListener@ec2cc4, org.springframework.boot.test.autoconfigure.web.servlet.WebDriverTestExecutionListener@2a5b3fee, org.springframework.boot.test.autoconfigure.webservices.client.MockWebServiceServerTestExecutionListener@7c1e2a2d]
2023-10-30 18:14:13 [main] INFO  o.s.d.d.DdsmDiariesApplicationTests - Starting DdsmDiariesApplicationTests using Java 21 on DESKTOP-ATTKBVC with PID 16064 (started by steph in C:\Users\steph\eclipse-workspace\ddsm-diaries)
2023-10-30 18:14:13 [main] INFO  o.s.d.d.DdsmDiariesApplicationTests - No active profile set, falling back to 1 default profile: "default"
2023-10-30 18:14:14 [main] INFO  o.s.d.d.DdsmDiariesApplicationTests - Started DdsmDiariesApplicationTests in 1.273 seconds (JVM running for 2.345)
2023-10-30 18:14:36 [JavaFX-Launcher] INFO  o.s.ddsm.diaries.DiaryApplicationFX - Initialise application context
2023-10-30 18:14:37 [JavaFX-Launcher] INFO  o.s.boot.SpringApplication - Starting application using Java 21 on DESKTOP-ATTKBVC with PID 13220 (started by steph in C:\Users\steph\eclipse-workspace\ddsm-diaries)
2023-10-30 18:14:37 [JavaFX-Launcher] INFO  o.s.boot.SpringApplication - No active profile set, falling back to 1 default profile: "default"
2023-10-30 18:14:37 [JavaFX-Launcher] INFO  o.s.boot.SpringApplication - Started application in 1.186 seconds (JVM running for 1.969)
2023-10-30 18:14:37 [JavaFX Application Thread] INFO  o.s.ddsm.diaries.DiaryApplicationFX - Diary application started
2023-10-30 18:14:37 [JavaFX Application Thread] INFO  o.s.ddsm.diaries.StageInitialiser - Loading main form from fxml
2023-10-30 18:14:38 [JavaFX Application Thread] INFO  o.s.d.d.c.MainFormController - Configuring internet status checker
2023-10-30 18:14:50 [JavaFX Application Thread] INFO  o.s.d.d.c.MainFormController - Loading bank holiday dialog from fxml
2023-10-30 18:14:54 [pool-3-thread-1] INFO  o.s.d.d.s.bank.FetchBankHolidaysTask - Retrieving bank holidays for year 2024
2023-10-30 18:14:55 [reactor-http-nio-2] INFO  o.s.d.d.s.bank.FetchBankHolidaysTask - Connected to internet!
2023-10-30 18:15:06 [JavaFX Application Thread] INFO  o.s.d.d.c.MainFormController - Close bank holidaydialog
2023-10-30 18:15:20 [JavaFX Application Thread] INFO  o.s.d.d.c.MainFormController - Loading bank holiday dialog from fxml
2023-10-30 18:15:31 [JavaFX Application Thread] INFO  o.s.d.d.c.MainFormController - Close bank holidaydialog
2023-10-30 18:15:33 [JavaFX Application Thread] INFO  o.s.ddsm.diaries.DiaryApplicationFX - Diary application stopped
2023-10-30 18:17:07 [JavaFX-Launcher] INFO  o.s.ddsm.diaries.DiaryApplicationFX - Initialise application context
2023-10-30 18:17:07 [JavaFX-Launcher] INFO  o.s.boot.SpringApplication - Starting application using Java 21 on DESKTOP-ATTKBVC with PID 29812 (started by steph in C:\Users\steph\eclipse-workspace\ddsm-diaries)
2023-10-30 18:17:07 [JavaFX-Launcher] INFO  o.s.boot.SpringApplication - No active profile set, falling back to 1 default profile: "default"
2023-10-30 18:17:08 [JavaFX-Launcher] INFO  o.s.boot.SpringApplication - Started application in 1.27 seconds (JVM running for 2.11)
2023-10-30 18:17:08 [JavaFX Application Thread] INFO  o.s.ddsm.diaries.DiaryApplicationFX - Diary application started
2023-10-30 18:17:08 [JavaFX Application Thread] INFO  o.s.ddsm.diaries.StageInitialiser - Loading main form from fxml
2023-10-30 18:17:09 [JavaFX Application Thread] INFO  o.s.d.d.c.MainFormController - Configuring internet status checker
2023-10-30 18:18:08 [pool-3-thread-1] INFO  o.s.d.d.s.bank.FetchBankHolidaysTask - Retrieving bank holidays for year 2024
2023-10-30 18:18:09 [reactor-http-nio-2] INFO  o.s.d.d.s.bank.FetchBankHolidaysTask - Connected to internet!
2023-10-30 18:18:21 [JavaFX Application Thread] INFO  o.s.d.d.c.MainFormController - Loading recording dialog from fxml
2023-10-30 18:18:31 [JavaFX Application Thread] INFO  o.s.d.d.c.MainFormController - Close recording dates dialog
2023-10-30 18:18:46 [JavaFX Application Thread] INFO  o.s.d.d.c.MainFormController - Loading recording dialog from fxml
2023-10-30 18:20:47 [JavaFX Application Thread] INFO  o.s.d.d.c.MainFormController - Close recording dates dialog
2023-10-30 18:21:14 [JavaFX Application Thread] INFO  o.s.d.d.c.MainFormController - Loading duplication dialog from fxml
2023-10-30 18:22:10 [JavaFX Application Thread] INFO  o.s.d.d.c.MainFormController - Close duplication dates dialog
2023-10-30 18:22:11 [JavaFX Application Thread] INFO  o.s.ddsm.diaries.DiaryApplicationFX - Diary application stopped
2023-10-30 18:23:12 [JavaFX-Launcher] INFO  o.s.ddsm.diaries.DiaryApplicationFX - Initialise application context
2023-10-30 18:23:13 [JavaFX-Launcher] INFO  o.s.boot.SpringApplication - Starting application using Java 21 on DESKTOP-ATTKBVC with PID 28472 (started by steph in C:\Users\steph\eclipse-workspace\ddsm-diaries)
2023-10-30 18:23:13 [JavaFX-Launcher] INFO  o.s.boot.SpringApplication - No active profile set, falling back to 1 default profile: "default"
2023-10-30 18:23:13 [JavaFX-Launcher] INFO  o.s.boot.SpringApplication - Started application in 1.291 seconds (JVM running for 2.134)
2023-10-30 18:23:14 [JavaFX Application Thread] INFO  o.s.ddsm.diaries.DiaryApplicationFX - Diary application started
2023-10-30 18:23:14 [JavaFX Application Thread] INFO  o.s.ddsm.diaries.StageInitialiser - Loading main form from fxml
2023-10-30 18:23:14 [JavaFX Application Thread] INFO  o.s.d.d.c.MainFormController - Configuring internet status checker
2023-10-30 18:23:47 [pool-3-thread-1] INFO  o.s.d.d.s.bank.FetchBankHolidaysTask - Retrieving bank holidays for year 2024
2023-10-30 18:23:47 [reactor-http-nio-2] INFO  o.s.d.d.s.bank.FetchBankHolidaysTask - Connected to internet!
2023-10-30 18:23:48 [JavaFX Application Thread] INFO  o.s.d.d.c.MainFormController - Loading duplication dialog from fxml
2023-10-30 18:24:28 [JavaFX Application Thread] INFO  o.s.d.d.c.MainFormController - Close duplication dates dialog
2023-10-30 18:24:38 [JavaFX Application Thread] INFO  o.s.d.d.c.MainFormController - Loading bank holiday dialog from fxml
2023-10-30 18:24:52 [JavaFX Application Thread] INFO  o.s.d.d.c.MainFormController - Close bank holidaydialog
2023-10-30 18:24:54 [JavaFX Application Thread] INFO  o.s.ddsm.diaries.DiaryApplicationFX - Diary application stopped
2023-10-30 18:26:17 [JavaFX-Launcher] INFO  o.s.ddsm.diaries.DiaryApplicationFX - Initialise application context
2023-10-30 18:26:17 [JavaFX-Launcher] INFO  o.s.boot.SpringApplication - Starting application using Java 21 on DESKTOP-ATTKBVC with PID 22744 (started by steph in C:\Users\steph\eclipse-workspace\ddsm-diaries)
2023-10-30 18:26:17 [JavaFX-Launcher] INFO  o.s.boot.SpringApplication - No active profile set, falling back to 1 default profile: "default"
2023-10-30 18:26:18 [JavaFX-Launcher] INFO  o.s.boot.SpringApplication - Started application in 1.247 seconds (JVM running for 2.055)
2023-10-30 18:26:18 [JavaFX Application Thread] INFO  o.s.ddsm.diaries.DiaryApplicationFX - Diary application started
2023-10-30 18:26:18 [JavaFX Application Thread] INFO  o.s.ddsm.diaries.StageInitialiser - Loading main form from fxml
2023-10-30 18:26:18 [JavaFX Application Thread] INFO  o.s.d.d.c.MainFormController - Configuring internet status checker
2023-10-30 18:26:22 [JavaFX Application Thread] INFO  o.s.d.d.c.MainFormController - Loading bank holiday dialog from fxml
2023-10-30 18:26:24 [pool-3-thread-1] INFO  o.s.d.d.s.bank.FetchBankHolidaysTask - Retrieving bank holidays for year 2023
2023-10-30 18:26:25 [reactor-http-nio-2] INFO  o.s.d.d.s.bank.FetchBankHolidaysTask - Connected to internet!
2023-10-30 18:26:34 [pool-4-thread-1] INFO  o.s.d.d.s.bank.FetchBankHolidaysTask - Retrieving bank holidays for year 2024
2023-10-30 18:26:34 [reactor-http-nio-2] INFO  o.s.d.d.s.bank.FetchBankHolidaysTask - Connected to internet!
2023-10-30 18:26:39 [JavaFX Application Thread] INFO  o.s.d.d.c.MainFormController - Close bank holidaydialog
2023-10-30 18:27:31 [JavaFX Application Thread] INFO  o.s.ddsm.diaries.DiaryApplicationFX - Diary application stopped
2023-10-30 18:28:23 [JavaFX-Launcher] INFO  o.s.ddsm.diaries.DiaryApplicationFX - Initialise application context
2023-10-30 18:28:24 [JavaFX-Launcher] INFO  o.s.boot.SpringApplication - Starting application using Java 21 on DESKTOP-ATTKBVC with PID 21724 (started by steph in C:\Users\steph\eclipse-workspace\ddsm-diaries)
2023-10-30 18:28:24 [JavaFX-Launcher] INFO  o.s.boot.SpringApplication - No active profile set, falling back to 1 default profile: "default"
2023-10-30 18:28:25 [JavaFX-Launcher] INFO  o.s.boot.SpringApplication - Started application in 1.631 seconds (JVM running for 2.572)
2023-10-30 18:28:25 [JavaFX Application Thread] INFO  o.s.ddsm.diaries.DiaryApplicationFX - Diary application started
2023-10-30 18:28:25 [JavaFX Application Thread] INFO  o.s.ddsm.diaries.StageInitialiser - Loading main form from fxml
2023-10-30 18:28:25 [JavaFX Application Thread] INFO  o.s.d.d.c.MainFormController - Configuring internet status checker
2023-10-30 18:28:49 [pool-3-thread-1] INFO  o.s.d.d.s.bank.FetchBankHolidaysTask - Retrieving bank holidays for year 2024
2023-10-30 18:28:49 [reactor-http-nio-2] INFO  o.s.d.d.s.bank.FetchBankHolidaysTask - Connected to internet!
2023-10-30 18:28:49 [JavaFX Application Thread] INFO  o.s.d.d.c.MainFormController - Loading recording dialog from fxml
2023-10-30 18:29:15 [JavaFX Application Thread] INFO  o.s.d.d.c.MainFormController - Close recording dates dialog
2023-10-30 18:29:17 [JavaFX Application Thread] INFO  o.s.d.d.c.MainFormController - Loading bank holiday dialog from fxml
2023-10-30 18:29:27 [pool-5-thread-1] INFO  o.s.d.d.s.bank.FetchBankHolidaysTask - Retrieving bank holidays for year 2023
2023-10-30 18:29:27 [reactor-http-nio-2] INFO  o.s.d.d.s.bank.FetchBankHolidaysTask - Connected to internet!
2023-10-30 18:29:30 [JavaFX Application Thread] INFO  o.s.d.d.c.MainFormController - Close bank holidaydialog
2023-10-30 18:29:34 [JavaFX Application Thread] INFO  o.s.ddsm.diaries.DiaryApplicationFX - Diary application stopped
