2023-03-08 17:10:07 [JavaFX-Launcher] INFO  o.s.ddsm.diaries.DiaryApplicationFX - Initialise application context
2023-03-08 17:10:08 [JavaFX-Launcher] INFO  o.s.boot.SpringApplication - Starting application using Java 19 on DESKTOP-ATTKBVC with PID 16532 (started by steph in C:\Users\steph\eclipse-workspace\ddsm-diaries)
2023-03-08 17:10:08 [JavaFX-Launcher] INFO  o.s.boot.SpringApplication - No active profile set, falling back to 1 default profile: "default"
2023-03-08 17:10:09 [JavaFX-Launcher] INFO  o.s.boot.SpringApplication - Started application in 1.692 seconds (JVM running for 2.973)
2023-03-08 17:10:09 [JavaFX Application Thread] INFO  o.s.ddsm.diaries.DiaryApplicationFX - Diary application started
2023-03-08 17:10:09 [JavaFX Application Thread] INFO  o.s.ddsm.diaries.StageInitialiser - Loading main form from fxml
2023-03-08 17:10:10 [JavaFX Application Thread] INFO  o.s.d.d.c.MainFormController - Initialising main form in form controller
2023-03-08 17:10:10 [JavaFX Application Thread] INFO  o.s.d.d.c.MainFormController - Configuring internet status checker
2023-03-08 17:10:22 [JavaFX Application Thread] INFO  o.s.d.d.service.BankHolidayService - Retrieving bank holidays for year 2023
2023-03-08 17:10:28 [reactor-http-nio-1] ERROR o.s.d.d.service.BankHolidayService - Error retrieving bank holidays for year 2023 exception was Failed to resolve 'date.nager.at'; nested exception is java.net.UnknownHostException: Failed to resolve 'date.nager.at'
2023-03-08 17:11:34 [JavaFX Application Thread] INFO  o.s.ddsm.diaries.DiaryApplicationFX - Diary application stopped
2023-03-08 17:13:58 [JavaFX-Launcher] INFO  o.s.ddsm.diaries.DiaryApplicationFX - Initialise application context
2023-03-08 17:13:59 [JavaFX-Launcher] INFO  o.s.boot.SpringApplication - Starting application using Java 19 on DESKTOP-ATTKBVC with PID 10056 (started by steph in C:\Users\steph\eclipse-workspace\ddsm-diaries)
2023-03-08 17:13:59 [JavaFX-Launcher] INFO  o.s.boot.SpringApplication - No active profile set, falling back to 1 default profile: "default"
2023-03-08 17:14:00 [JavaFX-Launcher] INFO  o.s.boot.SpringApplication - Started application in 1.498 seconds (JVM running for 2.529)
2023-03-08 17:14:00 [JavaFX Application Thread] INFO  o.s.ddsm.diaries.DiaryApplicationFX - Diary application started
2023-03-08 17:14:00 [JavaFX Application Thread] INFO  o.s.ddsm.diaries.StageInitialiser - Loading main form from fxml
2023-03-08 17:14:00 [JavaFX Application Thread] INFO  o.s.d.d.c.MainFormController - Initialising main form in form controller
2023-03-08 17:14:00 [JavaFX Application Thread] INFO  o.s.d.d.c.MainFormController - Configuring internet status checker
2023-03-08 17:14:13 [JavaFX Application Thread] INFO  o.s.d.d.service.BankHolidayService - Retrieving bank holidays for year 2023
2023-03-08 17:14:19 [reactor-http-nio-1] ERROR o.s.d.d.service.BankHolidayService - Error retrieving bank holidays for year 2023 exception was Failed to resolve 'date.nager.at'; nested exception is java.net.UnknownHostException: Failed to resolve 'date.nager.at'
2023-03-08 17:14:34 [JavaFX Application Thread] INFO  o.s.ddsm.diaries.DiaryApplicationFX - Diary application stopped
2023-03-08 17:20:03 [JavaFX-Launcher] INFO  o.s.ddsm.diaries.DiaryApplicationFX - Initialise application context
2023-03-08 17:20:03 [JavaFX-Launcher] INFO  o.s.boot.SpringApplication - Starting application using Java 19 on DESKTOP-ATTKBVC with PID 21480 (started by steph in C:\Users\steph\eclipse-workspace\ddsm-diaries)
2023-03-08 17:20:03 [JavaFX-Launcher] INFO  o.s.boot.SpringApplication - No active profile set, falling back to 1 default profile: "default"
2023-03-08 17:20:04 [JavaFX-Launcher] INFO  o.s.boot.SpringApplication - Started application in 1.592 seconds (JVM running for 2.711)
2023-03-08 17:20:04 [JavaFX Application Thread] INFO  o.s.ddsm.diaries.DiaryApplicationFX - Diary application started
2023-03-08 17:20:04 [JavaFX Application Thread] INFO  o.s.ddsm.diaries.StageInitialiser - Loading main form from fxml
2023-03-08 17:20:05 [JavaFX Application Thread] INFO  o.s.d.d.c.MainFormController - Initialising main form in form controller
2023-03-08 17:20:05 [JavaFX Application Thread] INFO  o.s.d.d.c.MainFormController - Configuring internet status checker
2023-03-08 17:20:13 [JavaFX Application Thread] INFO  o.s.d.d.service.BankHolidayService - Retrieving bank holidays for year 2023
2023-03-08 17:20:14 [reactor-http-nio-2] INFO  o.s.d.d.service.BankHolidayService - Connected to internet!
2023-03-08 17:20:14 [JavaFX Application Thread] INFO  o.s.d.d.c.MainFormController - Loading duplication dialog from fxml
2023-03-08 17:20:14 [JavaFX Application Thread] INFO  o.s.d.d.c.DuplicationDiaryController - Initialising duplication dates form in form controller
2023-03-08 17:20:32 [JavaFX Application Thread] INFO  o.s.d.d.c.MainFormController - Close duplication dates dialog
2023-03-08 17:20:34 [JavaFX Application Thread] INFO  o.s.d.d.c.MainFormController - Loading recording dialog from fxml
2023-03-08 17:20:34 [JavaFX Application Thread] INFO  o.s.d.d.c.RecordingDiaryController - Initialising recording dates form in form controller
2023-03-08 17:20:39 [JavaFX Application Thread] INFO  o.s.d.d.c.MainFormController - Close recording dates dialog
2023-03-08 17:20:56 [JavaFX Application Thread] INFO  o.s.ddsm.diaries.DiaryApplicationFX - Diary application stopped
2023-03-08 17:25:42 [JavaFX-Launcher] INFO  o.s.ddsm.diaries.DiaryApplicationFX - Initialise application context
2023-03-08 17:25:43 [JavaFX-Launcher] INFO  o.s.boot.SpringApplication - Starting application using Java 19 on DESKTOP-ATTKBVC with PID 27264 (started by steph in C:\Users\steph\eclipse-workspace\ddsm-diaries)
2023-03-08 17:25:43 [JavaFX-Launcher] INFO  o.s.boot.SpringApplication - No active profile set, falling back to 1 default profile: "default"
2023-03-08 17:25:44 [JavaFX-Launcher] INFO  o.s.boot.SpringApplication - Started application in 1.526 seconds (JVM running for 2.564)
2023-03-08 17:25:44 [JavaFX Application Thread] INFO  o.s.ddsm.diaries.DiaryApplicationFX - Diary application started
2023-03-08 17:25:44 [JavaFX Application Thread] INFO  o.s.ddsm.diaries.StageInitialiser - Loading main form from fxml
2023-03-08 17:25:44 [JavaFX Application Thread] INFO  o.s.d.d.c.MainFormController - Initialising main form in form controller
2023-03-08 17:25:44 [JavaFX Application Thread] INFO  o.s.d.d.c.MainFormController - Configuring internet status checker
2023-03-08 17:25:56 [JavaFX Application Thread] INFO  o.s.d.d.service.BankHolidayService - Retrieving bank holidays for year 2023
2023-03-08 17:25:57 [reactor-http-nio-2] INFO  o.s.d.d.service.BankHolidayService - Connected to internet!
2023-03-08 17:25:57 [JavaFX Application Thread] INFO  o.s.d.d.c.MainFormController - Loading duplication dialog from fxml
2023-03-08 17:25:57 [JavaFX Application Thread] INFO  o.s.d.d.c.DuplicationDiaryController - Initialising duplication dates form in form controller
2023-03-08 17:26:24 [JavaFX Application Thread] INFO  o.s.d.d.c.MainFormController - Close duplication dates dialog
2023-03-08 17:26:30 [JavaFX Application Thread] INFO  o.s.d.d.c.MainFormController - Loading recording dialog from fxml
2023-03-08 17:26:30 [JavaFX Application Thread] INFO  o.s.d.d.c.RecordingDiaryController - Initialising recording dates form in form controller
2023-03-08 17:26:35 [JavaFX Application Thread] INFO  o.s.d.d.c.MainFormController - Close recording dates dialog
2023-03-08 17:26:37 [JavaFX Application Thread] INFO  o.s.ddsm.diaries.DiaryApplicationFX - Diary application stopped
2023-03-08 17:28:07 [JavaFX-Launcher] INFO  o.s.ddsm.diaries.DiaryApplicationFX - Initialise application context
2023-03-08 17:28:08 [JavaFX-Launcher] INFO  o.s.boot.SpringApplication - Starting application using Java 19 on DESKTOP-ATTKBVC with PID 15816 (started by steph in C:\Users\steph\eclipse-workspace\ddsm-diaries)
2023-03-08 17:28:08 [JavaFX-Launcher] INFO  o.s.boot.SpringApplication - No active profile set, falling back to 1 default profile: "default"
2023-03-08 17:28:09 [JavaFX-Launcher] INFO  o.s.boot.SpringApplication - Started application in 1.378 seconds (JVM running for 2.44)
2023-03-08 17:28:09 [JavaFX Application Thread] INFO  o.s.ddsm.diaries.DiaryApplicationFX - Diary application started
2023-03-08 17:28:09 [JavaFX Application Thread] INFO  o.s.ddsm.diaries.StageInitialiser - Loading main form from fxml
2023-03-08 17:28:09 [JavaFX Application Thread] INFO  o.s.d.d.c.MainFormController - Initialising main form in form controller
2023-03-08 17:28:09 [JavaFX Application Thread] INFO  o.s.d.d.c.MainFormController - Configuring internet status checker
2023-03-08 17:28:17 [JavaFX Application Thread] INFO  o.s.d.d.service.BankHolidayService - Retrieving bank holidays for year 2023
2023-03-08 17:28:18 [reactor-http-nio-2] INFO  o.s.d.d.service.BankHolidayService - Connected to internet!
2023-03-08 17:28:18 [JavaFX Application Thread] INFO  o.s.d.d.c.MainFormController - Loading recording dialog from fxml
2023-03-08 17:28:18 [JavaFX Application Thread] INFO  o.s.d.d.c.RecordingDiaryController - Initialising recording dates form in form controller
2023-03-08 17:28:37 [JavaFX Application Thread] INFO  o.s.d.d.c.MainFormController - Close recording dates dialog
2023-03-08 17:28:40 [JavaFX Application Thread] INFO  o.s.d.d.c.MainFormController - Loading duplication dialog from fxml
2023-03-08 17:28:40 [JavaFX Application Thread] INFO  o.s.d.d.c.DuplicationDiaryController - Initialising duplication dates form in form controller
2023-03-08 17:31:27 [JavaFX Application Thread] INFO  o.s.d.d.c.MainFormController - Close duplication dates dialog
2023-03-08 17:31:29 [JavaFX Application Thread] INFO  o.s.d.d.c.MainFormController - Loading recording dialog from fxml
2023-03-08 17:31:29 [JavaFX Application Thread] INFO  o.s.d.d.c.RecordingDiaryController - Initialising recording dates form in form controller
2023-03-08 17:31:34 [JavaFX Application Thread] INFO  o.s.d.d.c.MainFormController - Close recording dates dialog
2023-03-08 17:31:45 [JavaFX Application Thread] INFO  o.s.ddsm.diaries.DiaryApplicationFX - Diary application stopped
